Microsoft Windows [VersiÃ³n 10.0.22621.3374]
(c) Microsoft Corporation. Todos los derechos reservados.

C:\Users\cfvalenzuela.vidal>mvn archetype:generate -DgroupId=com.equipo.validador -DartifactId=validadorapp -DarchetypeArtifactId=maven-archetype-quickstart -DinteractiveMode=false
[INFO] Scanning for projects...
Downloading from central: https://repo.maven.apache.org/maven2/org/codehaus/mojo/maven-metadata.xml
Downloading from central: https://repo.maven.apache.org/maven2/org/apache/maven/plugins/maven-metadata.xml
Downloaded from central: https://repo.maven.apache.org/maven2/org/codehaus/mojo/maven-metadata.xml (21 kB at 24 kB/s)
Downloaded from central: https://repo.maven.apache.org/maven2/org/apache/maven/plugins/maven-metadata.xml (14 kB at 17 kB/s)
Downloading from central: https://repo.maven.apache.org/maven2/org/apache/maven/plugins/maven-archetype-plugin/maven-metadata.xml
Downloaded from central: https://repo.maven.apache.org/maven2/org/apache/maven/plugins/maven-archetype-plugin/maven-metadata.xml (1.1 kB at 18 kB/s)
[INFO]
[INFO] ------------------< org.apache.maven:standalone-pom >-------------------
[INFO] Building Maven Stub Project (No POM) 1
[INFO] --------------------------------[ pom ]---------------------------------
[INFO]
[INFO] >>> archetype:3.4.0:generate (default-cli) > generate-sources @ standalone-pom >>>
[INFO]
[INFO] <<< archetype:3.4.0:generate (default-cli) < generate-sources @ standalone-pom <<<
[INFO]
[INFO]
[INFO] --- archetype:3.4.0:generate (default-cli) @ standalone-pom ---
[INFO] Generating project in Batch mode
Downloading from central: https://repo.maven.apache.org/maven2/archetype-catalog.xml
Downloaded from central: https://repo.maven.apache.org/maven2/archetype-catalog.xml (17 MB at 5.2 MB/s)
[INFO] ----------------------------------------------------------------------------
[INFO] Using following parameters for creating project from Old (1.x) Archetype: maven-archetype-quickstart:1.0
[INFO] ----------------------------------------------------------------------------
[INFO] Parameter: basedir, Value: C:\Users\cfvalenzuela.vidal
[INFO] Parameter: package, Value: com.equipo.validador
[INFO] Parameter: groupId, Value: com.equipo.validador
[INFO] Parameter: artifactId, Value: validadorapp
[INFO] Parameter: packageName, Value: com.equipo.validador
[INFO] Parameter: version, Value: 1.0-SNAPSHOT
[INFO] project created from Old (1.x) Archetype in dir: C:\Users\cfvalenzuela.vidal\validadorapp
[INFO] ------------------------------------------------------------------------
[INFO] BUILD SUCCESS
[INFO] ------------------------------------------------------------------------
[INFO] Total time:  11.700 s
[INFO] Finished at: 2025-06-16T12:22:25-04:00
[INFO] ------------------------------------------------------------------------

C:\Users\cfvalenzuela.vidal>mvn clean verify sonar:sonar -Dsonar.projectKey=validadorapp -Dsonar.host.url=http://localhost:9000 -Dsonar.login=ad
[INFO] Scanning for projects...
[INFO] ------------------------------------------------------------------------
[INFO] BUILD FAILURE
[INFO] ------------------------------------------------------------------------
[INFO] Total time:  0.159 s
[INFO] Finished at: 2025-06-16T12:28:48-04:00
[INFO] ------------------------------------------------------------------------
[ERROR] The goal you specified requires a project to execute but there is no POM in this directory (C:\Users\cfvalenzuela.vidal). Please verify you invoked Maven from the correct directory. -> [Help 1]
[ERROR]
[ERROR] To see the full stack trace of the errors, re-run Maven with the -e switch.
[ERROR] Re-run Maven using the -X switch to enable full debug logging.
[ERROR]
[ERROR] For more information about the errors and possible solutions, please read the following articles:
[ERROR] [Help 1] http://cwiki.apache.org/confluence/display/MAVEN/MissingProjectException

C:\Users\cfvalenzuela.vidal>mvn clean verify sonar:sonar -Dsonar.projectKey=validadorapp -Dsonar.host.url=http://localhost:9000 -Dsonar.login=admin
[INFO] Scanning for projects...
[INFO] ------------------------------------------------------------------------
[INFO] BUILD FAILURE
[INFO] ------------------------------------------------------------------------
[INFO] Total time:  0.140 s
[INFO] Finished at: 2025-06-16T12:28:55-04:00
[INFO] ------------------------------------------------------------------------
[ERROR] The goal you specified requires a project to execute but there is no POM in this directory (C:\Users\cfvalenzuela.vidal). Please verify you invoked Maven from the correct directory. -> [Help 1]
[ERROR]
[ERROR] To see the full stack trace of the errors, re-run Maven with the -e switch.
[ERROR] Re-run Maven using the -X switch to enable full debug logging.
[ERROR]
[ERROR] For more information about the errors and possible solutions, please read the following articles:
[ERROR] [Help 1] http://cwiki.apache.org/confluence/display/MAVEN/MissingProjectException

C:\Users\cfvalenzuela.vidal>mvn clean verify sonar:sonar -Dsonar.projectKey=validadorapp -Dsonar.host.url=http://localhost:9000 -Dsonar.login=admin
[INFO] Scanning for projects...
[INFO] ------------------------------------------------------------------------
[INFO] BUILD FAILURE
[INFO] ------------------------------------------------------------------------
[INFO] Total time:  0.211 s
[INFO] Finished at: 2025-06-16T12:30:27-04:00
[INFO] ------------------------------------------------------------------------
[ERROR] The goal you specified requires a project to execute but there is no POM in this directory (C:\Users\cfvalenzuela.vidal). Please verify you invoked Maven from the correct directory. -> [Help 1]
[ERROR]
[ERROR] To see the full stack trace of the errors, re-run Maven with the -e switch.
[ERROR] Re-run Maven using the -X switch to enable full debug logging.
[ERROR]
[ERROR] For more information about the errors and possible solutions, please read the following articles:
[ERROR] [Help 1] http://cwiki.apache.org/confluence/display/MAVEN/MissingProjectException

C:\Users\cfvalenzuela.vidal>cd validadorapp

C:\Users\cfvalenzuela.vidal\validadorapp>mvn clean verify sonar:sonar -Dsonar.projectKey=validadorapp -Dsonar.host.url=http://localhost:9000 -Dsonar.login=admin
[INFO] Scanning for projects...
Downloading from central: https://repo.maven.apache.org/maven2/org/sonarsource/scanner/maven/sonar-maven-plugin/3.9.1.2184/sonar-maven-plugin-3.9.1.2184.pom
Downloaded from central: https://repo.maven.apache.org/maven2/org/sonarsource/scanner/maven/sonar-maven-plugin/3.9.1.2184/sonar-maven-plugin-3.9.1.2184.pom (12 kB at 17 kB/s)
Downloading from central: https://repo.maven.apache.org/maven2/org/sonarsource/parent/parent/59.0.29/parent-59.0.29.pom
Downloaded from central: https://repo.maven.apache.org/maven2/org/sonarsource/parent/parent/59.0.29/parent-59.0.29.pom (32 kB at 216 kB/s)
Downloading from central: https://repo.maven.apache.org/maven2/org/sonarsource/scanner/maven/sonar-maven-plugin/3.9.1.2184/sonar-maven-plugin-3.9.1.2184.jar
Downloaded from central: https://repo.maven.apache.org/maven2/org/sonarsource/scanner/maven/sonar-maven-plugin/3.9.1.2184/sonar-maven-plugin-3.9.1.2184.jar (50 kB at 281 kB/s)
[INFO]
[INFO] -----------------< com.equipo.validador:validadorapp >------------------
[INFO] Building validadorapp 1.0-SNAPSHOT
[INFO]   from pom.xml
[INFO] --------------------------------[ jar ]---------------------------------
[INFO]
[INFO] --- clean:3.2.0:clean (default-clean) @ validadorapp ---
[INFO]
[INFO] --- resources:3.3.1:resources (default-resources) @ validadorapp ---
[WARNING] Using platform encoding (Cp1252 actually) to copy filtered resources, i.e. build is platform dependent!
[INFO] skip non existing resourceDirectory C:\Users\cfvalenzuela.vidal\validadorapp\src\main\resources
[INFO]
[INFO] --- compiler:3.13.0:compile (default-compile) @ validadorapp ---
[INFO] Recompiling the module because of changed source code.
[WARNING] File encoding has not been set, using platform encoding windows-1252, i.e. build is platform dependent!
[INFO] Compiling 1 source file with javac [debug target 1.8] to target\classes
[INFO] -------------------------------------------------------------
[WARNING] COMPILATION WARNING :
[INFO] -------------------------------------------------------------
[WARNING] bootstrap class path not set in conjunction with -source 8
[INFO] 1 warning
[INFO] -------------------------------------------------------------
[INFO] -------------------------------------------------------------
[ERROR] COMPILATION ERROR :
[INFO] -------------------------------------------------------------
[ERROR] /C:/Users/cfvalenzuela.vidal/validadorapp/src/main/java/com/equipo/validador/App.java:[6,25] illegal character: '\u00b1'
[INFO] 1 error
[INFO] -------------------------------------------------------------
[INFO]
[INFO] ------------------------------------------------------------------------
[INFO] Skipping validadorapp
[INFO] This project has been banned from the build due to previous failures.
[INFO] ------------------------------------------------------------------------
[INFO] ------------------------------------------------------------------------
[INFO] BUILD FAILURE
[INFO] ------------------------------------------------------------------------
[INFO] Total time:  4.303 s
[INFO] Finished at: 2025-06-16T12:31:03-04:00
[INFO] ------------------------------------------------------------------------
[ERROR] Failed to execute goal org.apache.maven.plugins:maven-compiler-plugin:3.13.0:compile (default-compile) on project validadorapp: Compilation failure
[ERROR] /C:/Users/cfvalenzuela.vidal/validadorapp/src/main/java/com/equipo/validador/App.java:[6,25] illegal character: '\u00b1'
[ERROR]
[ERROR] -> [Help 1]
[ERROR]
[ERROR] To see the full stack trace of the errors, re-run Maven with the -e switch.
[ERROR] Re-run Maven using the -X switch to enable full debug logging.
[ERROR]
[ERROR] For more information about the errors and possible solutions, please read the following articles:
[ERROR] [Help 1] http://cwiki.apache.org/confluence/display/MAVEN/MojoFailureException

C:\Users\cfvalenzuela.vidal\validadorapp>mvn clean verify sonar:sonar -Dsonar.projectKey=validadorapp -Dsonar.host.url=http://localhost:9000 -Dsonar.login=admin
[INFO] Scanning for projects...
[INFO]
[INFO] -----------------< com.equipo.validador:validadorapp >------------------
[INFO] Building validadorapp 1.0-SNAPSHOT
[INFO]   from pom.xml
[INFO] --------------------------------[ jar ]---------------------------------
[INFO]
[INFO] --- clean:3.2.0:clean (default-clean) @ validadorapp ---
[INFO] Deleting C:\Users\cfvalenzuela.vidal\validadorapp\target
[INFO]
[INFO] --- resources:3.3.1:resources (default-resources) @ validadorapp ---
[WARNING] Using platform encoding (Cp1252 actually) to copy filtered resources, i.e. build is platform dependent!
[INFO] skip non existing resourceDirectory C:\Users\cfvalenzuela.vidal\validadorapp\src\main\resources
[INFO]
[INFO] --- compiler:3.13.0:compile (default-compile) @ validadorapp ---
[INFO] Recompiling the module because of changed source code.
[WARNING] File encoding has not been set, using platform encoding windows-1252, i.e. build is platform dependent!
[INFO] Compiling 1 source file with javac [debug target 1.8] to target\classes
[WARNING] bootstrap class path not set in conjunction with -source 8
[INFO]
[INFO] --- resources:3.3.1:testResources (default-testResources) @ validadorapp ---
[WARNING] Using platform encoding (Cp1252 actually) to copy filtered resources, i.e. build is platform dependent!
[INFO] skip non existing resourceDirectory C:\Users\cfvalenzuela.vidal\validadorapp\src\test\resources
[INFO]
[INFO] --- compiler:3.13.0:testCompile (default-testCompile) @ validadorapp ---
[INFO] Recompiling the module because of changed dependency.
[WARNING] File encoding has not been set, using platform encoding windows-1252, i.e. build is platform dependent!
[INFO] Compiling 1 source file with javac [debug target 1.8] to target\test-classes
[WARNING] bootstrap class path not set in conjunction with -source 8
[INFO]
[INFO] --- surefire:3.2.5:test (default-test) @ validadorapp ---
[INFO] Using auto detected provider org.apache.maven.surefire.junit.JUnit3Provider
Downloading from central: https://repo.maven.apache.org/maven2/org/apache/maven/surefire/surefire-junit3/3.2.5/surefire-junit3-3.2.5.pom
Downloaded from central: https://repo.maven.apache.org/maven2/org/apache/maven/surefire/surefire-junit3/3.2.5/surefire-junit3-3.2.5.pom (3.1 kB at 5.3 kB/s)
Downloading from central: https://repo.maven.apache.org/maven2/org/apache/maven/surefire/surefire-junit3/3.2.5/surefire-junit3-3.2.5.jar
Downloaded from central: https://repo.maven.apache.org/maven2/org/apache/maven/surefire/surefire-junit3/3.2.5/surefire-junit3-3.2.5.jar (24 kB at 138 kB/s)
[INFO]
[INFO] -------------------------------------------------------
[INFO]  T E S T S
[INFO] -------------------------------------------------------
[INFO] Running com.equipo.validador.AppTest
[INFO] Tests run: 1, Failures: 0, Errors: 0, Skipped: 0, Time elapsed: 0.030 s -- in com.equipo.validador.AppTest
[INFO]
[INFO] Results:
[INFO]
[INFO] Tests run: 1, Failures: 0, Errors: 0, Skipped: 0
[INFO]
[INFO]
[INFO] --- jar:3.4.1:jar (default-jar) @ validadorapp ---
[INFO] Building jar: C:\Users\cfvalenzuela.vidal\validadorapp\target\validadorapp-1.0-SNAPSHOT.jar
[INFO]
[INFO] -----------------< com.equipo.validador:validadorapp >------------------
[INFO] Building validadorapp 1.0-SNAPSHOT
[INFO]   from pom.xml
[INFO] --------------------------------[ jar ]---------------------------------
[INFO]
[INFO] --- sonar:3.9.1.2184:sonar (default-cli) @ validadorapp ---
Downloading from central: https://repo.maven.apache.org/maven2/org/sonatype/plexus/plexus-sec-dispatcher/1.4/plexus-sec-dispatcher-1.4.pom
Downloaded from central: https://repo.maven.apache.org/maven2/org/sonatype/plexus/plexus-sec-dispatcher/1.4/plexus-sec-dispatcher-1.4.pom (3.0 kB at 34 kB/s)
Downloading from central: https://repo.maven.apache.org/maven2/org/codehaus/plexus/plexus-utils/3.2.1/plexus-utils-3.2.1.pom
Downloaded from central: https://repo.maven.apache.org/maven2/org/codehaus/plexus/plexus-utils/3.2.1/plexus-utils-3.2.1.pom (5.3 kB at 70 kB/s)
Downloading from central: https://repo.maven.apache.org/maven2/org/sonarsource/scanner/api/sonar-scanner-api/2.16.2.588/sonar-scanner-api-2.16.2.588.pom
Downloaded from central: https://repo.maven.apache.org/maven2/org/sonarsource/scanner/api/sonar-scanner-api/2.16.2.588/sonar-scanner-api-2.16.2.588.pom (5.2 kB at 72 kB/s)
Downloading from central: https://repo.maven.apache.org/maven2/org/sonarsource/scanner/api/sonar-scanner-api-parent/2.16.2.588/sonar-scanner-api-parent-2.16.2.588.pom
Downloaded from central: https://repo.maven.apache.org/maven2/org/sonarsource/scanner/api/sonar-scanner-api-parent/2.16.2.588/sonar-scanner-api-parent-2.16.2.588.pom (4.8 kB at 51 kB/s)
Downloading from central: https://repo.maven.apache.org/maven2/commons-lang/commons-lang/2.6/commons-lang-2.6.pom
Downloaded from central: https://repo.maven.apache.org/maven2/commons-lang/commons-lang/2.6/commons-lang-2.6.pom (17 kB at 233 kB/s)
Downloading from central: https://repo.maven.apache.org/maven2/org/apache/commons/commons-parent/17/commons-parent-17.pom
Downloaded from central: https://repo.maven.apache.org/maven2/org/apache/commons/commons-parent/17/commons-parent-17.pom (31 kB at 410 kB/s)
Downloading from central: https://repo.maven.apache.org/maven2/org/sonatype/plexus/plexus-sec-dispatcher/1.4/plexus-sec-dispatcher-1.4.jar
Downloaded from central: https://repo.maven.apache.org/maven2/org/sonatype/plexus/plexus-sec-dispatcher/1.4/plexus-sec-dispatcher-1.4.jar (28 kB at 304 kB/s)
Downloading from central: https://repo.maven.apache.org/maven2/org/codehaus/plexus/plexus-utils/3.2.1/plexus-utils-3.2.1.jar
Downloading from central: https://repo.maven.apache.org/maven2/org/sonarsource/scanner/api/sonar-scanner-api/2.16.2.588/sonar-scanner-api-2.16.2.588.jar
Downloading from central: https://repo.maven.apache.org/maven2/commons-lang/commons-lang/2.6/commons-lang-2.6.jar
Downloaded from central: https://repo.maven.apache.org/maven2/org/codehaus/plexus/plexus-utils/3.2.1/plexus-utils-3.2.1.jar (262 kB at 479 kB/s)
Downloaded from central: https://repo.maven.apache.org/maven2/commons-lang/commons-lang/2.6/commons-lang-2.6.jar (284 kB at 511 kB/s)
Downloaded from central: https://repo.maven.apache.org/maven2/org/sonarsource/scanner/api/sonar-scanner-api/2.16.2.588/sonar-scanner-api-2.16.2.588.jar (625 kB at 983 kB/s)
[INFO] User cache: C:\Users\cfvalenzuela.vidal\.sonar\cache
[INFO] SonarQube version: 25.6.0.109173
[WARNING] Direct modification of testCompileSourceRoots through iterator.remove() is deprecated and will not work in Maven 4.0.0. Please use the add/remove methods instead. If you're using a plugin that causes this warning, please upgrade to the latest version and report an issue if the warning persists. To disable these warnings, set -Dmaven.project.sourceRoots.warningsDisabled=true on the command line, in the .mvn/maven.config file, or in project POM properties.
[INFO] Default locale: "es_CL", source code encoding: "windows-1252" (analysis is platform dependent)
[INFO] Load global settings
[INFO] ------------------------------------------------------------------------
[INFO] BUILD FAILURE
[INFO] ------------------------------------------------------------------------
[INFO] Total time:  12.399 s
[INFO] Finished at: 2025-06-16T12:31:55-04:00
[INFO] ------------------------------------------------------------------------
[ERROR] Failed to execute goal org.sonarsource.scanner.maven:sonar-maven-plugin:3.9.1.2184:sonar (default-cli) on project validadorapp: Not authorized. Please check the user token in the property 'sonar.token' or 'sonar.login' (deprecated). -> [Help 1]
[ERROR]
[ERROR] To see the full stack trace of the errors, re-run Maven with the -e switch.
[ERROR] Re-run Maven using the -X switch to enable full debug logging.
[ERROR]
[ERROR] For more information about the errors and possible solutions, please read the following articles:
[ERROR] [Help 1] http://cwiki.apache.org/confluence/display/MAVEN/MojoExecutionException

C:\Users\cfvalenzuela.vidal\validadorapp>mvn clean verify sonar:sonar -Dsonar.projectKey=validadorapp -Dsonar.host.url=http://localhost:9000 -Dsonar.login=squ_c55d630d8b07f34cea9c3a83047da8b8b60bd0dd
[INFO] Scanning for projects...
[INFO]
[INFO] -----------------< com.equipo.validador:validadorapp >------------------
[INFO] Building validadorapp 1.0-SNAPSHOT
[INFO]   from pom.xml
[INFO] --------------------------------[ jar ]---------------------------------
[INFO]
[INFO] --- clean:3.2.0:clean (default-clean) @ validadorapp ---
[INFO] Deleting C:\Users\cfvalenzuela.vidal\validadorapp\target
[INFO]
[INFO] --- resources:3.3.1:resources (default-resources) @ validadorapp ---
[WARNING] Using platform encoding (Cp1252 actually) to copy filtered resources, i.e. build is platform dependent!
[INFO] skip non existing resourceDirectory C:\Users\cfvalenzuela.vidal\validadorapp\src\main\resources
[INFO]
[INFO] --- compiler:3.13.0:compile (default-compile) @ validadorapp ---
[INFO] Recompiling the module because of changed source code.
[WARNING] File encoding has not been set, using platform encoding windows-1252, i.e. build is platform dependent!
[INFO] Compiling 1 source file with javac [debug target 1.8] to target\classes
[WARNING] bootstrap class path not set in conjunction with -source 8
[INFO]
[INFO] --- resources:3.3.1:testResources (default-testResources) @ validadorapp ---
[WARNING] Using platform encoding (Cp1252 actually) to copy filtered resources, i.e. build is platform dependent!
[INFO] skip non existing resourceDirectory C:\Users\cfvalenzuela.vidal\validadorapp\src\test\resources
[INFO]
[INFO] --- compiler:3.13.0:testCompile (default-testCompile) @ validadorapp ---
[INFO] Recompiling the module because of changed dependency.
[WARNING] File encoding has not been set, using platform encoding windows-1252, i.e. build is platform dependent!
[INFO] Compiling 1 source file with javac [debug target 1.8] to target\test-classes
[WARNING] bootstrap class path not set in conjunction with -source 8
[INFO]
[INFO] --- surefire:3.2.5:test (default-test) @ validadorapp ---
[INFO] Using auto detected provider org.apache.maven.surefire.junit.JUnit3Provider
[INFO]
[INFO] -------------------------------------------------------
[INFO]  T E S T S
[INFO] -------------------------------------------------------
[INFO] Running com.equipo.validador.AppTest
[INFO] Tests run: 1, Failures: 0, Errors: 0, Skipped: 0, Time elapsed: 0.020 s -- in com.equipo.validador.AppTest
[INFO]
[INFO] Results:
[INFO]
[INFO] Tests run: 1, Failures: 0, Errors: 0, Skipped: 0
[INFO]
[INFO]
[INFO] --- jar:3.4.1:jar (default-jar) @ validadorapp ---
[INFO] Building jar: C:\Users\cfvalenzuela.vidal\validadorapp\target\validadorapp-1.0-SNAPSHOT.jar
[INFO]
[INFO] -----------------< com.equipo.validador:validadorapp >------------------
[INFO] Building validadorapp 1.0-SNAPSHOT
[INFO]   from pom.xml
[INFO] --------------------------------[ jar ]---------------------------------
[INFO]
[INFO] --- sonar:3.9.1.2184:sonar (default-cli) @ validadorapp ---
[INFO] User cache: C:\Users\cfvalenzuela.vidal\.sonar\cache
[INFO] SonarQube version: 25.6.0.109173
[WARNING] Direct modification of testCompileSourceRoots through iterator.remove() is deprecated and will not work in Maven 4.0.0. Please use the add/remove methods instead. If you're using a plugin that causes this warning, please upgrade to the latest version and report an issue if the warning persists. To disable these warnings, set -Dmaven.project.sourceRoots.warningsDisabled=true on the command line, in the .mvn/maven.config file, or in project POM properties.
[INFO] Default locale: "es_CL", source code encoding: "windows-1252" (analysis is platform dependent)
[INFO] Load global settings
[INFO] Load global settings (done) | time=263ms
[INFO] Server id: 147B411E-AZdsLvAWfOsgSru6_aIV
[INFO] Loading required plugins
[INFO] Load plugins index
[INFO] Load plugins index (done) | time=86ms
[INFO] Load/download plugins
[INFO] Load/download plugins (done) | time=1933ms
[INFO] Process project properties
[INFO] Process project properties (done) | time=49ms
[INFO] Project key: validadorapp
[INFO] Base dir: C:\Users\cfvalenzuela.vidal\validadorapp
[INFO] Working dir: C:\Users\cfvalenzuela.vidal\validadorapp\target\sonar
[INFO] Load project settings for component key: 'validadorapp'
[INFO] Load quality profiles
[INFO] Load quality profiles (done) | time=230ms
[WARNING] SCM provider autodetection failed. Please use "sonar.scm.provider" to define SCM of your project, or disable the SCM Sensor in the project settings.
[INFO] Load active rules
[INFO] Load active rules (done) | time=870ms
[INFO] Load analysis cache
[INFO] Load analysis cache (404) | time=14ms
[WARNING] The property 'sonar.login' is deprecated and will be removed in the future. Please use the 'sonar.token' property instead when passing a token.
[INFO] Preprocessing files...
[INFO] 2 languages detected in 3 preprocessed files (done) | time=56ms
[INFO] Loading plugins for detected languages
[INFO] Load/download plugins
[INFO] Load/download plugins (done) | time=2068ms
[INFO] Load project repositories
[INFO] Load project repositories (done) | time=16ms
[INFO] Indexing files...
[INFO] Project configuration:
[INFO] 3 files indexed (done) | time=16ms
[INFO] Quality profile for java: Sonar way
[INFO] Quality profile for xml: Sonar way
[INFO] ------------- Run sensors on module validadorapp
[INFO] Load metrics repository
[INFO] Load metrics repository (done) | time=29ms
[INFO] Sensor JavaSensor [java]
[INFO] Configured Java source version (sonar.java.source): 8, preview features enabled (sonar.java.enablePreview): false
[INFO] Server-side caching is enabled. The Java analyzer will not try to leverage data from a previous analysis.
[INFO] Using ECJ batch to parse 1 Main java source files with batch size 211 KB.
[INFO] Starting batch processing.
[INFO] The Java analyzer cannot skip unchanged files in this context. A full analysis is performed for all files.
[INFO] 100% analyzed
[INFO] Batch processing: Done.
[INFO] Did not optimize analysis for any files, performed a full analysis for all 1 files.
[INFO] Using ECJ batch to parse 1 Test java source files with batch size 211 KB.
[INFO] Starting batch processing.
[INFO] 100% analyzed
[INFO] Batch processing: Done.
[INFO] Did not optimize analysis for any files, performed a full analysis for all 1 files.
[INFO] No "Generated" source files to scan.
[INFO] Sensor JavaSensor [java] (done) | time=2515ms
[INFO] Sensor SurefireSensor [java]
[INFO] parsing [C:\Users\cfvalenzuela.vidal\validadorapp\target\surefire-reports]
[INFO] Sensor SurefireSensor [java] (done) | time=125ms
[INFO] Sensor XML Sensor [xml]
[INFO] 1 source file to be analyzed
[INFO] 1/1 source file has been analyzed
[INFO] Sensor XML Sensor [xml] (done) | time=390ms
[INFO] Sensor JaCoCo XML Report Importer [jacoco]
[INFO] 'sonar.coverage.jacoco.xmlReportPaths' is not defined. Using default locations: target/site/jacoco/jacoco.xml,target/site/jacoco-it/jacoco.xml,build/reports/jacoco/test/jacocoTestReport.xml
[INFO] No report imported, no coverage information will be imported by JaCoCo XML Report Importer
[INFO] Sensor JaCoCo XML Report Importer [jacoco] (done) | time=25ms
[INFO] Sensor Java Config Sensor [iac]
[INFO] 0 source files to be analyzed
[INFO] 0/0 source files have been analyzed
[INFO] Sensor Java Config Sensor [iac] (done) | time=52ms
[INFO] Sensor IaC Docker Sensor [iac]
[INFO] 0 source files to be analyzed
[INFO] 0/0 source files have been analyzed
[INFO] Sensor IaC Docker Sensor [iac] (done) | time=92ms
[INFO] Sensor TextAndSecretsSensor [text]
[INFO] Available processors: 4
[INFO] Using 4 threads for analysis.
[INFO] Start fetching files for the text and secrets analysis
[INFO] Using Git CLI to retrieve untracked files
[WARNING] Retrieving only language associated files, make sure to run the analysis inside a git repository to make use of inclusions specified via "sonar.text.inclusions"
[INFO] Starting the text and secrets analysis
[INFO] 3 source files to be analyzed for the text and secrets analysis
[INFO] 3/3 source files have been analyzed for the text and secrets analysis
[INFO] Sensor TextAndSecretsSensor [text] (done) | time=880ms
[INFO] ------------- Run sensors on project
[INFO] Sensor Zero Coverage Sensor
[INFO] Sensor Zero Coverage Sensor (done) | time=17ms
[INFO] Sensor Java CPD Block Indexer
[INFO] Sensor Java CPD Block Indexer (done) | time=16ms
[INFO] ------------- Gather SCA dependencies on project
[INFO] Dependency analysis skipped
[INFO] SCM Publisher No SCM system was detected. You can use the 'sonar.scm.provider' property to explicitly specify it.
[INFO] CPD Executor 1 file had no CPD blocks
[INFO] CPD Executor Calculating CPD for 0 files
[INFO] CPD Executor CPD calculation finished (done) | time=0ms
[INFO] Analysis report generated in 293ms, dir size=242.2 kB
[INFO] Analysis report compressed in 64ms, zip size=30.0 kB
[INFO] Analysis report uploaded in 1136ms
[INFO] ANALYSIS SUCCESSFUL, you can find the results at: http://localhost:9000/dashboard?id=validadorapp
[INFO] Note that you will be able to access the updated dashboard once the server has processed the submitted analysis report
[INFO] More about the report processing at http://localhost:9000/api/ce/task?id=79179e7c-72d9-4099-a656-34c626aea0c5
[INFO] Analysis total time: 11.432 s
[INFO] ------------------------------------------------------------------------
[INFO] BUILD SUCCESS
[INFO] ------------------------------------------------------------------------
[INFO] Total time:  20.576 s
[INFO] Finished at: 2025-06-16T12:46:39-04:00
[INFO] ------------------------------------------------------------------------

C:\Users\cfvalenzuela.vidal\validadorapp>mvn clean verify sonar:sonar -Dsonar.projectKey=validadorapp -Dsonar.host.url=http://localhost:9000 -Dsonar.login=squ_c55d630d8b07f34cea9c3a83047da8b8b60bd0dd
[INFO] Scanning for projects...
[INFO]
[INFO] -----------------< com.equipo.validador:validadorapp >------------------
[INFO] Building validadorapp 1.0-SNAPSHOT
[INFO]   from pom.xml
[INFO] --------------------------------[ jar ]---------------------------------
[INFO]
[INFO] --- clean:3.2.0:clean (default-clean) @ validadorapp ---
[INFO] Deleting C:\Users\cfvalenzuela.vidal\validadorapp\target
[INFO]
[INFO] --- resources:3.3.1:resources (default-resources) @ validadorapp ---
[WARNING] Using platform encoding (Cp1252 actually) to copy filtered resources, i.e. build is platform dependent!
[INFO] skip non existing resourceDirectory C:\Users\cfvalenzuela.vidal\validadorapp\src\main\resources
[INFO]
[INFO] --- compiler:3.13.0:compile (default-compile) @ validadorapp ---
[INFO] Recompiling the module because of changed source code.
[WARNING] File encoding has not been set, using platform encoding windows-1252, i.e. build is platform dependent!
[INFO] Compiling 1 source file with javac [debug target 1.8] to target\classes
[WARNING] bootstrap class path not set in conjunction with -source 8
[INFO]
[INFO] --- resources:3.3.1:testResources (default-testResources) @ validadorapp ---
[WARNING] Using platform encoding (Cp1252 actually) to copy filtered resources, i.e. build is platform dependent!
[INFO] skip non existing resourceDirectory C:\Users\cfvalenzuela.vidal\validadorapp\src\test\resources
[INFO]
[INFO] --- compiler:3.13.0:testCompile (default-testCompile) @ validadorapp ---
[INFO] Recompiling the module because of changed dependency.
[WARNING] File encoding has not been set, using platform encoding windows-1252, i.e. build is platform dependent!
[INFO] Compiling 1 source file with javac [debug target 1.8] to target\test-classes
[WARNING] bootstrap class path not set in conjunction with -source 8
[INFO]
[INFO] --- surefire:3.2.5:test (default-test) @ validadorapp ---
[INFO] Using auto detected provider org.apache.maven.surefire.junit.JUnit3Provider
[INFO]
[INFO] -------------------------------------------------------
[INFO]  T E S T S
[INFO] -------------------------------------------------------
[INFO] Running com.equipo.validador.AppTest
[INFO] Tests run: 1, Failures: 0, Errors: 0, Skipped: 0, Time elapsed: 0.016 s -- in com.equipo.validador.AppTest
[INFO]
[INFO] Results:
[INFO]
[INFO] Tests run: 1, Failures: 0, Errors: 0, Skipped: 0
[INFO]
[INFO]
[INFO] --- jar:3.4.1:jar (default-jar) @ validadorapp ---
[INFO] Building jar: C:\Users\cfvalenzuela.vidal\validadorapp\target\validadorapp-1.0-SNAPSHOT.jar
[INFO]
[INFO] -----------------< com.equipo.validador:validadorapp >------------------
[INFO] Building validadorapp 1.0-SNAPSHOT
[INFO]   from pom.xml
[INFO] --------------------------------[ jar ]---------------------------------
[INFO]
[INFO] --- sonar:3.9.1.2184:sonar (default-cli) @ validadorapp ---
[INFO] User cache: C:\Users\cfvalenzuela.vidal\.sonar\cache
[INFO] SonarQube version: 25.6.0.109173
[WARNING] Direct modification of testCompileSourceRoots through iterator.remove() is deprecated and will not work in Maven 4.0.0. Please use the add/remove methods instead. If you're using a plugin that causes this warning, please upgrade to the latest version and report an issue if the warning persists. To disable these warnings, set -Dmaven.project.sourceRoots.warningsDisabled=true on the command line, in the .mvn/maven.config file, or in project POM properties.
[INFO] Default locale: "es_CL", source code encoding: "windows-1252" (analysis is platform dependent)
[INFO] Load global settings
[INFO] Load global settings (done) | time=158ms
[INFO] Server id: 147B411E-AZdsLvAWfOsgSru6_aIV
[INFO] Loading required plugins
[INFO] Load plugins index
[INFO] Load plugins index (done) | time=108ms
[INFO] Load/download plugins
[INFO] Load/download plugins (done) | time=49ms
[INFO] Process project properties
[INFO] Process project properties (done) | time=28ms
[INFO] Project key: validadorapp
[INFO] Base dir: C:\Users\cfvalenzuela.vidal\validadorapp
[INFO] Working dir: C:\Users\cfvalenzuela.vidal\validadorapp\target\sonar
[INFO] Load project settings for component key: 'validadorapp'
[INFO] Load project settings for component key: 'validadorapp' (done) | time=54ms
[INFO] Load quality profiles
[INFO] Load quality profiles (done) | time=106ms
[WARNING] SCM provider autodetection failed. Please use "sonar.scm.provider" to define SCM of your project, or disable the SCM Sensor in the project settings.
[INFO] Load active rules
[INFO] Load active rules (done) | time=760ms
[INFO] Load analysis cache
[INFO] Load analysis cache (191 bytes) | time=54ms
[WARNING] The property 'sonar.login' is deprecated and will be removed in the future. Please use the 'sonar.token' property instead when passing a token.
[INFO] Preprocessing files...
[INFO] 2 languages detected in 3 preprocessed files (done) | time=54ms
[INFO] Loading plugins for detected languages
[INFO] Load/download plugins
[INFO] Load/download plugins (done) | time=43ms
[INFO] Load project repositories
[INFO] Load project repositories (done) | time=210ms
[INFO] Indexing files...
[INFO] Project configuration:
[INFO] 3 files indexed (done) | time=14ms
[INFO] Quality profile for java: Sonar way
[INFO] Quality profile for xml: Sonar way
[INFO] ------------- Run sensors on module validadorapp
[INFO] Load metrics repository
[INFO] Load metrics repository (done) | time=25ms
[INFO] Sensor JavaSensor [java]
[INFO] Configured Java source version (sonar.java.source): 8, preview features enabled (sonar.java.enablePreview): false
[INFO] Server-side caching is enabled. The Java analyzer will not try to leverage data from a previous analysis.
[INFO] Using ECJ batch to parse 1 Main java source files with batch size 211 KB.
[INFO] Starting batch processing.
[INFO] The Java analyzer cannot skip unchanged files in this context. A full analysis is performed for all files.
[INFO] 100% analyzed
[INFO] Batch processing: Done.
[INFO] Did not optimize analysis for any files, performed a full analysis for all 1 files.
[INFO] Using ECJ batch to parse 1 Test java source files with batch size 211 KB.
[INFO] Starting batch processing.
[INFO] 100% analyzed
[INFO] Batch processing: Done.
[INFO] Did not optimize analysis for any files, performed a full analysis for all 1 files.
[INFO] No "Generated" source files to scan.
[INFO] Sensor JavaSensor [java] (done) | time=1686ms
[INFO] Sensor SurefireSensor [java]
[INFO] parsing [C:\Users\cfvalenzuela.vidal\validadorapp\target\surefire-reports]
[INFO] Sensor SurefireSensor [java] (done) | time=98ms
[INFO] Sensor XML Sensor [xml]
[INFO] 1 source file to be analyzed
[INFO] 1/1 source file has been analyzed
[INFO] Sensor XML Sensor [xml] (done) | time=351ms
[INFO] Sensor JaCoCo XML Report Importer [jacoco]
[INFO] 'sonar.coverage.jacoco.xmlReportPaths' is not defined. Using default locations: target/site/jacoco/jacoco.xml,target/site/jacoco-it/jacoco.xml,build/reports/jacoco/test/jacocoTestReport.xml
[INFO] No report imported, no coverage information will be imported by JaCoCo XML Report Importer
[INFO] Sensor JaCoCo XML Report Importer [jacoco] (done) | time=20ms
[INFO] Sensor Java Config Sensor [iac]
[INFO] 0 source files to be analyzed
[INFO] 0/0 source files have been analyzed
[INFO] Sensor Java Config Sensor [iac] (done) | time=135ms
[INFO] Sensor IaC Docker Sensor [iac]
[INFO] 0 source files to be analyzed
[INFO] 0/0 source files have been analyzed
[INFO] Sensor IaC Docker Sensor [iac] (done) | time=224ms
[INFO] Sensor TextAndSecretsSensor [text]
[INFO] Available processors: 4
[INFO] Using 4 threads for analysis.
[INFO] Start fetching files for the text and secrets analysis
[INFO] Using Git CLI to retrieve untracked files
[WARNING] Retrieving only language associated files, make sure to run the analysis inside a git repository to make use of inclusions specified via "sonar.text.inclusions"
[INFO] Starting the text and secrets analysis
[INFO] 3 source files to be analyzed for the text and secrets analysis
[INFO] 3/3 source files have been analyzed for the text and secrets analysis
[INFO] Sensor TextAndSecretsSensor [text] (done) | time=1075ms
[INFO] ------------- Run sensors on project
[INFO] Sensor Zero Coverage Sensor
[INFO] Sensor Zero Coverage Sensor (done) | time=16ms
[INFO] Sensor Java CPD Block Indexer
[INFO] Sensor Java CPD Block Indexer (done) | time=23ms
[INFO] ------------- Gather SCA dependencies on project
[INFO] Dependency analysis skipped
[INFO] SCM Publisher No SCM system was detected. You can use the 'sonar.scm.provider' property to explicitly specify it.
[INFO] CPD Executor 1 file had no CPD blocks
[INFO] CPD Executor Calculating CPD for 0 files
[INFO] CPD Executor CPD calculation finished (done) | time=0ms
[INFO] Analysis report generated in 173ms, dir size=243.2 kB
[INFO] Analysis report compressed in 99ms, zip size=29.9 kB
[INFO] Analysis report uploaded in 46ms
[INFO] ANALYSIS SUCCESSFUL, you can find the results at: http://localhost:9000/dashboard?id=validadorapp
[INFO] Note that you will be able to access the updated dashboard once the server has processed the submitted analysis report
[INFO] More about the report processing at http://localhost:9000/api/ce/task?id=2684940e-abce-401f-864c-4e25c30188a4
[INFO] Analysis total time: 7.994 s
[INFO] ------------------------------------------------------------------------
[INFO] BUILD SUCCESS
[INFO] ------------------------------------------------------------------------
[INFO] Total time:  14.476 s
[INFO] Finished at: 2025-06-16T12:52:48-04:00
[INFO] ------------------------------------------------------------------------

C:\Users\cfvalenzuela.vidal\validadorapp>mvn clean verify sonar:sonar -Dsonar.projectKey=validadorapp -Dsonar.host.url=http://localhost:9000 -Dsonar.login=squ_c55d630d8b07f34cea9c3a83047da8b8b60bd0dd
[INFO] Scanning for projects...
[INFO]
[INFO] -----------------< com.equipo.validador:validadorapp >------------------
[INFO] Building validadorapp 1.0-SNAPSHOT
[INFO]   from pom.xml
[INFO] --------------------------------[ jar ]---------------------------------
[INFO]
[INFO] --- clean:3.2.0:clean (default-clean) @ validadorapp ---
[INFO] Deleting C:\Users\cfvalenzuela.vidal\validadorapp\target
[INFO]
[INFO] --- resources:3.3.1:resources (default-resources) @ validadorapp ---
[WARNING] Using platform encoding (Cp1252 actually) to copy filtered resources, i.e. build is platform dependent!
[INFO] skip non existing resourceDirectory C:\Users\cfvalenzuela.vidal\validadorapp\src\main\resources
[INFO]
[INFO] --- compiler:3.13.0:compile (default-compile) @ validadorapp ---
[INFO] Recompiling the module because of changed source code.
[WARNING] File encoding has not been set, using platform encoding windows-1252, i.e. build is platform dependent!
[INFO] Compiling 1 source file with javac [debug target 1.8] to target\classes
[WARNING] bootstrap class path not set in conjunction with -source 8
[INFO]
[INFO] --- resources:3.3.1:testResources (default-testResources) @ validadorapp ---
[WARNING] Using platform encoding (Cp1252 actually) to copy filtered resources, i.e. build is platform dependent!
[INFO] skip non existing resourceDirectory C:\Users\cfvalenzuela.vidal\validadorapp\src\test\resources
[INFO]
[INFO] --- compiler:3.13.0:testCompile (default-testCompile) @ validadorapp ---
[INFO] Recompiling the module because of changed dependency.
[WARNING] File encoding has not been set, using platform encoding windows-1252, i.e. build is platform dependent!
[INFO] Compiling 1 source file with javac [debug target 1.8] to target\test-classes
[WARNING] bootstrap class path not set in conjunction with -source 8
[INFO]
[INFO] --- surefire:3.2.5:test (default-test) @ validadorapp ---
[INFO] Using auto detected provider org.apache.maven.surefire.junit.JUnit3Provider
[INFO]
[INFO] -------------------------------------------------------
[INFO]  T E S T S
[INFO] -------------------------------------------------------
[INFO] Running com.equipo.validador.AppTest
[INFO] Tests run: 1, Failures: 0, Errors: 0, Skipped: 0, Time elapsed: 0.026 s -- in com.equipo.validador.AppTest
[INFO]
[INFO] Results:
[INFO]
[INFO] Tests run: 1, Failures: 0, Errors: 0, Skipped: 0
[INFO]
[INFO]
[INFO] --- jar:3.4.1:jar (default-jar) @ validadorapp ---
[INFO] Building jar: C:\Users\cfvalenzuela.vidal\validadorapp\target\validadorapp-1.0-SNAPSHOT.jar
[INFO]
[INFO] -----------------< com.equipo.validador:validadorapp >------------------
[INFO] Building validadorapp 1.0-SNAPSHOT
[INFO]   from pom.xml
[INFO] --------------------------------[ jar ]---------------------------------
[INFO]
[INFO] --- sonar:3.9.1.2184:sonar (default-cli) @ validadorapp ---
[INFO] User cache: C:\Users\cfvalenzuela.vidal\.sonar\cache
[INFO] SonarQube version: 25.6.0.109173
[WARNING] Direct modification of testCompileSourceRoots through iterator.remove() is deprecated and will not work in Maven 4.0.0. Please use the add/remove methods instead. If you're using a plugin that causes this warning, please upgrade to the latest version and report an issue if the warning persists. To disable these warnings, set -Dmaven.project.sourceRoots.warningsDisabled=true on the command line, in the .mvn/maven.config file, or in project POM properties.
[INFO] Default locale: "es_CL", source code encoding: "windows-1252" (analysis is platform dependent)
[INFO] Load global settings
[INFO] Load global settings (done) | time=167ms
[INFO] Server id: 147B411E-AZdsLvAWfOsgSru6_aIV
[INFO] Loading required plugins
[INFO] Load plugins index
[INFO] Load plugins index (done) | time=73ms
[INFO] Load/download plugins
[INFO] Load/download plugins (done) | time=29ms
[INFO] Process project properties
[INFO] Process project properties (done) | time=40ms
[INFO] Project key: validadorapp
[INFO] Base dir: C:\Users\cfvalenzuela.vidal\validadorapp
[INFO] Working dir: C:\Users\cfvalenzuela.vidal\validadorapp\target\sonar
[INFO] Load project settings for component key: 'validadorapp'
[INFO] Load project settings for component key: 'validadorapp' (done) | time=34ms
[INFO] Load quality profiles
[INFO] Load quality profiles (done) | time=143ms
[WARNING] SCM provider autodetection failed. Please use "sonar.scm.provider" to define SCM of your project, or disable the SCM Sensor in the project settings.
[INFO] Load active rules
[INFO] Load active rules (done) | time=655ms
[INFO] Load analysis cache
[INFO] Load analysis cache (183 bytes) | time=22ms
[WARNING] The property 'sonar.login' is deprecated and will be removed in the future. Please use the 'sonar.token' property instead when passing a token.
[INFO] Preprocessing files...
[INFO] 2 languages detected in 3 preprocessed files (done) | time=32ms
[INFO] Loading plugins for detected languages
[INFO] Load/download plugins
[INFO] Load/download plugins (done) | time=15ms
[INFO] Load project repositories
[INFO] Load project repositories (done) | time=216ms
[INFO] Indexing files...
[INFO] Project configuration:
[INFO] 3 files indexed (done) | time=12ms
[INFO] Quality profile for java: Sonar way
[INFO] Quality profile for xml: Sonar way
[INFO] ------------- Run sensors on module validadorapp
[INFO] Load metrics repository
[INFO] Load metrics repository (done) | time=59ms
[INFO] Sensor JavaSensor [java]
[INFO] Configured Java source version (sonar.java.source): 8, preview features enabled (sonar.java.enablePreview): false
[INFO] Server-side caching is enabled. The Java analyzer will not try to leverage data from a previous analysis.
[INFO] Using ECJ batch to parse 1 Main java source files with batch size 211 KB.
[INFO] Starting batch processing.
[INFO] The Java analyzer cannot skip unchanged files in this context. A full analysis is performed for all files.
[INFO] 100% analyzed
[INFO] Batch processing: Done.
[INFO] Did not optimize analysis for any files, performed a full analysis for all 1 files.
[INFO] Using ECJ batch to parse 1 Test java source files with batch size 211 KB.
[INFO] Starting batch processing.
[INFO] 100% analyzed
[INFO] Batch processing: Done.
[INFO] Did not optimize analysis for any files, performed a full analysis for all 1 files.
[INFO] No "Generated" source files to scan.
[INFO] Sensor JavaSensor [java] (done) | time=1673ms
[INFO] Sensor SurefireSensor [java]
[INFO] parsing [C:\Users\cfvalenzuela.vidal\validadorapp\target\surefire-reports]
[INFO] Sensor SurefireSensor [java] (done) | time=101ms
[INFO] Sensor XML Sensor [xml]
[INFO] 1 source file to be analyzed
[INFO] 1/1 source file has been analyzed
[INFO] Sensor XML Sensor [xml] (done) | time=227ms
[INFO] Sensor JaCoCo XML Report Importer [jacoco]
[INFO] 'sonar.coverage.jacoco.xmlReportPaths' is not defined. Using default locations: target/site/jacoco/jacoco.xml,target/site/jacoco-it/jacoco.xml,build/reports/jacoco/test/jacocoTestReport.xml
[INFO] No report imported, no coverage information will be imported by JaCoCo XML Report Importer
[INFO] Sensor JaCoCo XML Report Importer [jacoco] (done) | time=3ms
[INFO] Sensor Java Config Sensor [iac]
[INFO] 0 source files to be analyzed
[INFO] 0/0 source files have been analyzed
[INFO] Sensor Java Config Sensor [iac] (done) | time=45ms
[INFO] Sensor IaC Docker Sensor [iac]
[INFO] 0 source files to be analyzed
[INFO] 0/0 source files have been analyzed
[INFO] Sensor IaC Docker Sensor [iac] (done) | time=113ms
[INFO] Sensor TextAndSecretsSensor [text]
[INFO] Available processors: 4
[INFO] Using 4 threads for analysis.
[INFO] Start fetching files for the text and secrets analysis
[INFO] Using Git CLI to retrieve untracked files
[WARNING] Retrieving only language associated files, make sure to run the analysis inside a git repository to make use of inclusions specified via "sonar.text.inclusions"
[INFO] Starting the text and secrets analysis
[INFO] 3 source files to be analyzed for the text and secrets analysis
[INFO] 3/3 source files have been analyzed for the text and secrets analysis
[INFO] Sensor TextAndSecretsSensor [text] (done) | time=1035ms
[INFO] ------------- Run sensors on project
[INFO] Sensor Zero Coverage Sensor
[INFO] Sensor Zero Coverage Sensor (done) | time=47ms
[INFO] Sensor Java CPD Block Indexer
[INFO] Sensor Java CPD Block Indexer (done) | time=16ms
[INFO] ------------- Gather SCA dependencies on project
[INFO] Dependency analysis skipped
[INFO] SCM Publisher No SCM system was detected. You can use the 'sonar.scm.provider' property to explicitly specify it.
[INFO] CPD Executor 1 file had no CPD blocks
[INFO] CPD Executor Calculating CPD for 0 files
[INFO] CPD Executor CPD calculation finished (done) | time=0ms
[INFO] Analysis report generated in 200ms, dir size=243.2 kB
[INFO] Analysis report compressed in 86ms, zip size=29.9 kB
[INFO] Analysis report uploaded in 56ms
[INFO] ANALYSIS SUCCESSFUL, you can find the results at: http://localhost:9000/dashboard?id=validadorapp
[INFO] Note that you will be able to access the updated dashboard once the server has processed the submitted analysis report
[INFO] More about the report processing at http://localhost:9000/api/ce/task?id=7245001d-9e0c-4cab-8672-742b65838eb4
[INFO] Analysis total time: 7.512 s
[INFO] ------------------------------------------------------------------------
[INFO] BUILD SUCCESS
[INFO] ------------------------------------------------------------------------
[INFO] Total time:  14.184 s
[INFO] Finished at: 2025-06-16T12:54:36-04:00
[INFO] ------------------------------------------------------------------------

C:\Users\cfvalenzuela.vidal\validadorapp>mvn clean verify sonar:sonar -Dsonar.projectKey=validadorapp -Dsonar.host.url=http://localhost:9000 -Dsonar.login=squ_c55d630d8b07f34cea9c3a83047da8b8b60bd0dd
[INFO] Scanning for projects...
[INFO]
[INFO] -----------------< com.equipo.validador:validadorapp >------------------
[INFO] Building validadorapp 1.0-SNAPSHOT
[INFO]   from pom.xml
[INFO] --------------------------------[ jar ]---------------------------------
[INFO]
[INFO] --- clean:3.2.0:clean (default-clean) @ validadorapp ---
[INFO] Deleting C:\Users\cfvalenzuela.vidal\validadorapp\target
[INFO]
[INFO] --- resources:3.3.1:resources (default-resources) @ validadorapp ---
[WARNING] Using platform encoding (Cp1252 actually) to copy filtered resources, i.e. build is platform dependent!
[INFO] skip non existing resourceDirectory C:\Users\cfvalenzuela.vidal\validadorapp\src\main\resources
[INFO]
[INFO] --- compiler:3.13.0:compile (default-compile) @ validadorapp ---
[INFO] Recompiling the module because of changed source code.
[WARNING] File encoding has not been set, using platform encoding windows-1252, i.e. build is platform dependent!
[INFO] Compiling 1 source file with javac [debug target 1.8] to target\classes
[WARNING] bootstrap class path not set in conjunction with -source 8
[INFO]
[INFO] --- resources:3.3.1:testResources (default-testResources) @ validadorapp ---
[WARNING] Using platform encoding (Cp1252 actually) to copy filtered resources, i.e. build is platform dependent!
[INFO] skip non existing resourceDirectory C:\Users\cfvalenzuela.vidal\validadorapp\src\test\resources
[INFO]
[INFO] --- compiler:3.13.0:testCompile (default-testCompile) @ validadorapp ---
[INFO] Recompiling the module because of changed dependency.
[WARNING] File encoding has not been set, using platform encoding windows-1252, i.e. build is platform dependent!
[INFO] Compiling 1 source file with javac [debug target 1.8] to target\test-classes
[WARNING] bootstrap class path not set in conjunction with -source 8
[INFO]
[INFO] --- surefire:3.2.5:test (default-test) @ validadorapp ---
[INFO] Using auto detected provider org.apache.maven.surefire.junit.JUnit3Provider
[INFO]
[INFO] -------------------------------------------------------
[INFO]  T E S T S
[INFO] -------------------------------------------------------
[INFO] Running com.equipo.validador.AppTest
[INFO] Tests run: 1, Failures: 0, Errors: 0, Skipped: 0, Time elapsed: 0.026 s -- in com.equipo.validador.AppTest
[INFO]
[INFO] Results:
[INFO]
[INFO] Tests run: 1, Failures: 0, Errors: 0, Skipped: 0
[INFO]
[INFO]
[INFO] --- jar:3.4.1:jar (default-jar) @ validadorapp ---
[INFO] Building jar: C:\Users\cfvalenzuela.vidal\validadorapp\target\validadorapp-1.0-SNAPSHOT.jar
[INFO]
[INFO] -----------------< com.equipo.validador:validadorapp >------------------
[INFO] Building validadorapp 1.0-SNAPSHOT
[INFO]   from pom.xml
[INFO] --------------------------------[ jar ]---------------------------------
[INFO]
[INFO] --- sonar:3.9.1.2184:sonar (default-cli) @ validadorapp ---
[INFO] User cache: C:\Users\cfvalenzuela.vidal\.sonar\cache
[INFO] SonarQube version: 25.6.0.109173
[WARNING] Direct modification of testCompileSourceRoots through iterator.remove() is deprecated and will not work in Maven 4.0.0. Please use the add/remove methods instead. If you're using a plugin that causes this warning, please upgrade to the latest version and report an issue if the warning persists. To disable these warnings, set -Dmaven.project.sourceRoots.warningsDisabled=true on the command line, in the .mvn/maven.config file, or in project POM properties.
[INFO] Default locale: "es_CL", source code encoding: "windows-1252" (analysis is platform dependent)
[INFO] Load global settings
[INFO] Load global settings (done) | time=175ms
[INFO] Server id: 147B411E-AZdsLvAWfOsgSru6_aIV
[INFO] Loading required plugins
[INFO] Load plugins index
[INFO] Load plugins index (done) | time=89ms
[INFO] Load/download plugins
[INFO] Load/download plugins (done) | time=28ms
[INFO] Process project properties
[INFO] Process project properties (done) | time=57ms
[INFO] Project key: validadorapp
[INFO] Base dir: C:\Users\cfvalenzuela.vidal\validadorapp
[INFO] Working dir: C:\Users\cfvalenzuela.vidal\validadorapp\target\sonar
[INFO] Load project settings for component key: 'validadorapp'
[INFO] Load project settings for component key: 'validadorapp' (done) | time=42ms
[INFO] Load quality profiles
[INFO] Load quality profiles (done) | time=88ms
[WARNING] SCM provider autodetection failed. Please use "sonar.scm.provider" to define SCM of your project, or disable the SCM Sensor in the project settings.
[INFO] Load active rules
[INFO] Load active rules (done) | time=760ms
[INFO] Load analysis cache
[INFO] Load analysis cache (183 bytes) | time=26ms
[WARNING] The property 'sonar.login' is deprecated and will be removed in the future. Please use the 'sonar.token' property instead when passing a token.
[INFO] Preprocessing files...
[INFO] 2 languages detected in 3 preprocessed files (done) | time=64ms
[INFO] Loading plugins for detected languages
[INFO] Load/download plugins
[INFO] Load/download plugins (done) | time=21ms
[INFO] Load project repositories
[INFO] Load project repositories (done) | time=186ms
[INFO] Indexing files...
[INFO] Project configuration:
[INFO] 3 files indexed (done) | time=30ms
[INFO] Quality profile for java: Sonar way
[INFO] Quality profile for xml: Sonar way
[INFO] ------------- Run sensors on module validadorapp
[INFO] Load metrics repository
[INFO] Load metrics repository (done) | time=63ms
[INFO] Sensor JavaSensor [java]
[INFO] Configured Java source version (sonar.java.source): 8, preview features enabled (sonar.java.enablePreview): false
[INFO] Server-side caching is enabled. The Java analyzer will not try to leverage data from a previous analysis.
[INFO] Using ECJ batch to parse 1 Main java source files with batch size 211 KB.
[INFO] Starting batch processing.
[INFO] The Java analyzer cannot skip unchanged files in this context. A full analysis is performed for all files.
[INFO] 100% analyzed
[INFO] Batch processing: Done.
[INFO] Did not optimize analysis for any files, performed a full analysis for all 1 files.
[INFO] Using ECJ batch to parse 1 Test java source files with batch size 211 KB.
[INFO] Starting batch processing.
[INFO] 100% analyzed
[INFO] Batch processing: Done.
[INFO] Did not optimize analysis for any files, performed a full analysis for all 1 files.
[INFO] No "Generated" source files to scan.
[INFO] Sensor JavaSensor [java] (done) | time=1657ms
[INFO] Sensor SurefireSensor [java]
[INFO] parsing [C:\Users\cfvalenzuela.vidal\validadorapp\target\surefire-reports]
[INFO] Sensor SurefireSensor [java] (done) | time=114ms
[INFO] Sensor XML Sensor [xml]
[INFO] 1 source file to be analyzed
[INFO] 1/1 source file has been analyzed
[INFO] Sensor XML Sensor [xml] (done) | time=214ms
[INFO] Sensor JaCoCo XML Report Importer [jacoco]
[INFO] 'sonar.coverage.jacoco.xmlReportPaths' is not defined. Using default locations: target/site/jacoco/jacoco.xml,target/site/jacoco-it/jacoco.xml,build/reports/jacoco/test/jacocoTestReport.xml
[INFO] No report imported, no coverage information will be imported by JaCoCo XML Report Importer
[INFO] Sensor JaCoCo XML Report Importer [jacoco] (done) | time=5ms
[INFO] Sensor Java Config Sensor [iac]
[INFO] 0 source files to be analyzed
[INFO] 0/0 source files have been analyzed
[INFO] Sensor Java Config Sensor [iac] (done) | time=35ms
[INFO] Sensor IaC Docker Sensor [iac]
[INFO] 0 source files to be analyzed
[INFO] 0/0 source files have been analyzed
[INFO] Sensor IaC Docker Sensor [iac] (done) | time=112ms
[INFO] Sensor TextAndSecretsSensor [text]
[INFO] Available processors: 4
[INFO] Using 4 threads for analysis.
[INFO] Start fetching files for the text and secrets analysis
[INFO] Using Git CLI to retrieve untracked files
[WARNING] Retrieving only language associated files, make sure to run the analysis inside a git repository to make use of inclusions specified via "sonar.text.inclusions"
[INFO] Starting the text and secrets analysis
[INFO] 3 source files to be analyzed for the text and secrets analysis
[INFO] 3/3 source files have been analyzed for the text and secrets analysis
[INFO] Sensor TextAndSecretsSensor [text] (done) | time=1027ms
[INFO] ------------- Run sensors on project
[INFO] Sensor Zero Coverage Sensor
[INFO] Sensor Zero Coverage Sensor (done) | time=17ms
[INFO] Sensor Java CPD Block Indexer
[INFO] Sensor Java CPD Block Indexer (done) | time=23ms
[INFO] ------------- Gather SCA dependencies on project
[INFO] Dependency analysis skipped
[INFO] SCM Publisher No SCM system was detected. You can use the 'sonar.scm.provider' property to explicitly specify it.
[INFO] CPD Executor 1 file had no CPD blocks
[INFO] CPD Executor Calculating CPD for 0 files
[INFO] CPD Executor CPD calculation finished (done) | time=0ms
[INFO] Analysis report generated in 201ms, dir size=243.4 kB
[INFO] Analysis report compressed in 99ms, zip size=30.0 kB
[INFO] Analysis report uploaded in 33ms
[INFO] ANALYSIS SUCCESSFUL, you can find the results at: http://localhost:9000/dashboard?id=validadorapp
[INFO] Note that you will be able to access the updated dashboard once the server has processed the submitted analysis report
[INFO] More about the report processing at http://localhost:9000/api/ce/task?id=489a44ee-e88c-4e3b-9d12-4fb17d88ab49
[INFO] Analysis total time: 7.787 s
[INFO] ------------------------------------------------------------------------
[INFO] BUILD SUCCESS
[INFO] ------------------------------------------------------------------------
[INFO] Total time:  13.877 s
[INFO] Finished at: 2025-06-16T12:57:21-04:00
[INFO] ------------------------------------------------------------------------

C:\Users\cfvalenzuela.vidal\validadorapp>mvn clean verify sonar:sonar -Dsonar.projectKey=validadorapp -Dsonar.host.url=http://localhost:9000 -Dsonar.login=squ_c55d630d8b07f34cea9c3a83047da8b8b60bd0dd
[INFO] Scanning for projects...
[INFO]
[INFO] -----------------< com.equipo.validador:validadorapp >------------------
[INFO] Building validadorapp 1.0-SNAPSHOT
[INFO]   from pom.xml
[INFO] --------------------------------[ jar ]---------------------------------
[INFO]
[INFO] --- clean:3.2.0:clean (default-clean) @ validadorapp ---
[INFO] Deleting C:\Users\cfvalenzuela.vidal\validadorapp\target
[INFO]
[INFO] --- resources:3.3.1:resources (default-resources) @ validadorapp ---
[WARNING] Using platform encoding (Cp1252 actually) to copy filtered resources, i.e. build is platform dependent!
[INFO] skip non existing resourceDirectory C:\Users\cfvalenzuela.vidal\validadorapp\src\main\resources
[INFO]
[INFO] --- compiler:3.13.0:compile (default-compile) @ validadorapp ---
[INFO] Recompiling the module because of changed source code.
[WARNING] File encoding has not been set, using platform encoding windows-1252, i.e. build is platform dependent!
[INFO] Compiling 1 source file with javac [debug target 1.8] to target\classes
[WARNING] bootstrap class path not set in conjunction with -source 8
[INFO]
[INFO] --- resources:3.3.1:testResources (default-testResources) @ validadorapp ---
[WARNING] Using platform encoding (Cp1252 actually) to copy filtered resources, i.e. build is platform dependent!
[INFO] skip non existing resourceDirectory C:\Users\cfvalenzuela.vidal\validadorapp\src\test\resources
[INFO]
[INFO] --- compiler:3.13.0:testCompile (default-testCompile) @ validadorapp ---
[INFO] Recompiling the module because of changed dependency.
[WARNING] File encoding has not been set, using platform encoding windows-1252, i.e. build is platform dependent!
[INFO] Compiling 1 source file with javac [debug target 1.8] to target\test-classes
[WARNING] bootstrap class path not set in conjunction with -source 8
[INFO]
[INFO] --- surefire:3.2.5:test (default-test) @ validadorapp ---
[INFO] Using auto detected provider org.apache.maven.surefire.junit.JUnit3Provider
[INFO]
[INFO] -------------------------------------------------------
[INFO]  T E S T S
[INFO] -------------------------------------------------------
[INFO] Running com.equipo.validador.AppTest
[INFO] Tests run: 1, Failures: 0, Errors: 0, Skipped: 0, Time elapsed: 0.029 s -- in com.equipo.validador.AppTest
[INFO]
[INFO] Results:
[INFO]
[INFO] Tests run: 1, Failures: 0, Errors: 0, Skipped: 0
[INFO]
[INFO]
[INFO] --- jar:3.4.1:jar (default-jar) @ validadorapp ---
[INFO] Building jar: C:\Users\cfvalenzuela.vidal\validadorapp\target\validadorapp-1.0-SNAPSHOT.jar
[INFO]
[INFO] -----------------< com.equipo.validador:validadorapp >------------------
[INFO] Building validadorapp 1.0-SNAPSHOT
[INFO]   from pom.xml
[INFO] --------------------------------[ jar ]---------------------------------
[INFO]
[INFO] --- sonar:3.9.1.2184:sonar (default-cli) @ validadorapp ---
[INFO] User cache: C:\Users\cfvalenzuela.vidal\.sonar\cache
[INFO] SonarQube version: 25.6.0.109173
[WARNING] Direct modification of testCompileSourceRoots through iterator.remove() is deprecated and will not work in Maven 4.0.0. Please use the add/remove methods instead. If you're using a plugin that causes this warning, please upgrade to the latest version and report an issue if the warning persists. To disable these warnings, set -Dmaven.project.sourceRoots.warningsDisabled=true on the command line, in the .mvn/maven.config file, or in project POM properties.
[INFO] Default locale: "es_CL", source code encoding: "windows-1252" (analysis is platform dependent)
[INFO] Load global settings
[INFO] Load global settings (done) | time=192ms
[INFO] Server id: 147B411E-AZdsLvAWfOsgSru6_aIV
[INFO] Loading required plugins
[INFO] Load plugins index
[INFO] Load plugins index (done) | time=77ms
[INFO] Load/download plugins
[INFO] Load/download plugins (done) | time=23ms
[INFO] Process project properties
[INFO] Process project properties (done) | time=29ms
[INFO] Project key: validadorapp
[INFO] Base dir: C:\Users\cfvalenzuela.vidal\validadorapp
[INFO] Working dir: C:\Users\cfvalenzuela.vidal\validadorapp\target\sonar
[INFO] Load project settings for component key: 'validadorapp'
[INFO] Load project settings for component key: 'validadorapp' (done) | time=40ms
[INFO] Load quality profiles
[INFO] Load quality profiles (done) | time=106ms
[WARNING] SCM provider autodetection failed. Please use "sonar.scm.provider" to define SCM of your project, or disable the SCM Sensor in the project settings.
[INFO] Load active rules
[INFO] Load active rules (done) | time=655ms
[INFO] Load analysis cache
[INFO] Load analysis cache (191 bytes) | time=23ms
[WARNING] The property 'sonar.login' is deprecated and will be removed in the future. Please use the 'sonar.token' property instead when passing a token.
[INFO] Preprocessing files...
[INFO] 2 languages detected in 3 preprocessed files (done) | time=32ms
[INFO] Loading plugins for detected languages
[INFO] Load/download plugins
[INFO] Load/download plugins (done) | time=15ms
[INFO] Load project repositories
[INFO] Load project repositories (done) | time=189ms
[INFO] Indexing files...
[INFO] Project configuration:
[INFO] 3 files indexed (done) | time=12ms
[INFO] Quality profile for java: Sonar way
[INFO] Quality profile for xml: Sonar way
[INFO] ------------- Run sensors on module validadorapp
[INFO] Load metrics repository
[INFO] Load metrics repository (done) | time=25ms
[INFO] Sensor JavaSensor [java]
[INFO] Configured Java source version (sonar.java.source): 8, preview features enabled (sonar.java.enablePreview): false
[INFO] Server-side caching is enabled. The Java analyzer will not try to leverage data from a previous analysis.
[INFO] Using ECJ batch to parse 1 Main java source files with batch size 211 KB.
[INFO] Starting batch processing.
[INFO] The Java analyzer cannot skip unchanged files in this context. A full analysis is performed for all files.
[INFO] 100% analyzed
[INFO] Batch processing: Done.
[INFO] Did not optimize analysis for any files, performed a full analysis for all 1 files.
[INFO] Using ECJ batch to parse 1 Test java source files with batch size 211 KB.
[INFO] Starting batch processing.
[INFO] 100% analyzed
[INFO] Batch processing: Done.
[INFO] Did not optimize analysis for any files, performed a full analysis for all 1 files.
[INFO] No "Generated" source files to scan.
[INFO] Sensor JavaSensor [java] (done) | time=2307ms
[INFO] Sensor SurefireSensor [java]
[INFO] parsing [C:\Users\cfvalenzuela.vidal\validadorapp\target\surefire-reports]
[INFO] Sensor SurefireSensor [java] (done) | time=132ms
[INFO] Sensor XML Sensor [xml]
[INFO] 1 source file to be analyzed
[INFO] 1/1 source file has been analyzed
[INFO] Sensor XML Sensor [xml] (done) | time=282ms
[INFO] Sensor JaCoCo XML Report Importer [jacoco]
[INFO] 'sonar.coverage.jacoco.xmlReportPaths' is not defined. Using default locations: target/site/jacoco/jacoco.xml,target/site/jacoco-it/jacoco.xml,build/reports/jacoco/test/jacocoTestReport.xml
[INFO] No report imported, no coverage information will be imported by JaCoCo XML Report Importer
[INFO] Sensor JaCoCo XML Report Importer [jacoco] (done) | time=4ms
[INFO] Sensor Java Config Sensor [iac]
[INFO] 0 source files to be analyzed
[INFO] 0/0 source files have been analyzed
[INFO] Sensor Java Config Sensor [iac] (done) | time=43ms
[INFO] Sensor IaC Docker Sensor [iac]
[INFO] 0 source files to be analyzed
[INFO] 0/0 source files have been analyzed
[INFO] Sensor IaC Docker Sensor [iac] (done) | time=115ms
[INFO] Sensor TextAndSecretsSensor [text]
[INFO] Available processors: 4
[INFO] Using 4 threads for analysis.
[INFO] Start fetching files for the text and secrets analysis
[INFO] Using Git CLI to retrieve untracked files
[WARNING] Retrieving only language associated files, make sure to run the analysis inside a git repository to make use of inclusions specified via "sonar.text.inclusions"
[INFO] Starting the text and secrets analysis
[INFO] 3 source files to be analyzed for the text and secrets analysis
[INFO] 3/3 source files have been analyzed for the text and secrets analysis
[INFO] Sensor TextAndSecretsSensor [text] (done) | time=1078ms
[INFO] ------------- Run sensors on project
[INFO] Sensor Zero Coverage Sensor
[INFO] Sensor Zero Coverage Sensor (done) | time=10ms
[INFO] Sensor Java CPD Block Indexer
[INFO] Sensor Java CPD Block Indexer (done) | time=16ms
[INFO] ------------- Gather SCA dependencies on project
[INFO] Dependency analysis skipped
[INFO] SCM Publisher No SCM system was detected. You can use the 'sonar.scm.provider' property to explicitly specify it.
[INFO] CPD Executor 1 file had no CPD blocks
[INFO] CPD Executor Calculating CPD for 0 files
[INFO] CPD Executor CPD calculation finished (done) | time=0ms
[INFO] Analysis report generated in 172ms, dir size=243.2 kB
[INFO] Analysis report compressed in 73ms, zip size=29.9 kB
[INFO] Analysis report uploaded in 33ms
[INFO] ANALYSIS SUCCESSFUL, you can find the results at: http://localhost:9000/dashboard?id=validadorapp
[INFO] Note that you will be able to access the updated dashboard once the server has processed the submitted analysis report
[INFO] More about the report processing at http://localhost:9000/api/ce/task?id=76147a24-0f56-49a4-9907-25e25d02c592
[INFO] Analysis total time: 8.216 s
[INFO] ------------------------------------------------------------------------
[INFO] BUILD SUCCESS
[INFO] ------------------------------------------------------------------------
[INFO] Total time:  14.779 s
[INFO] Finished at: 2025-06-16T13:00:11-04:00
[INFO] ------------------------------------------------------------------------

C:\Users\cfvalenzuela.vidal\validadorapp>
C:\Users\cfvalenzuela.vidal\validadorapp>mvn clean verify sonar:sonar -Dsonar.projectKey=validadorapp -Dsonar.host.url=http://localhost:9000 -Dsonar.login=squ_c55d630d8b07f34cea9c3a83047da8b8b60bd0dd
[INFO] Scanning for projects...
[INFO]
[INFO] -----------------< com.equipo.validador:validadorapp >------------------
[INFO] Building validadorapp 1.0-SNAPSHOT
[INFO]   from pom.xml
[INFO] --------------------------------[ jar ]---------------------------------
[INFO]
[INFO] --- clean:3.2.0:clean (default-clean) @ validadorapp ---
[INFO] Deleting C:\Users\cfvalenzuela.vidal\validadorapp\target
[INFO]
[INFO] --- resources:3.3.1:resources (default-resources) @ validadorapp ---
[WARNING] Using platform encoding (Cp1252 actually) to copy filtered resources, i.e. build is platform dependent!
[INFO] skip non existing resourceDirectory C:\Users\cfvalenzuela.vidal\validadorapp\src\main\resources
[INFO]
[INFO] --- compiler:3.13.0:compile (default-compile) @ validadorapp ---
[INFO] Recompiling the module because of changed source code.
[WARNING] File encoding has not been set, using platform encoding windows-1252, i.e. build is platform dependent!
[INFO] Compiling 1 source file with javac [debug target 1.8] to target\classes
[WARNING] bootstrap class path not set in conjunction with -source 8
[INFO]
[INFO] --- resources:3.3.1:testResources (default-testResources) @ validadorapp ---
[WARNING] Using platform encoding (Cp1252 actually) to copy filtered resources, i.e. build is platform dependent!
[INFO] skip non existing resourceDirectory C:\Users\cfvalenzuela.vidal\validadorapp\src\test\resources
[INFO]
[INFO] --- compiler:3.13.0:testCompile (default-testCompile) @ validadorapp ---
[INFO] Recompiling the module because of changed dependency.
[WARNING] File encoding has not been set, using platform encoding windows-1252, i.e. build is platform dependent!
[INFO] Compiling 1 source file with javac [debug target 1.8] to target\test-classes
[WARNING] bootstrap class path not set in conjunction with -source 8
[INFO]
[INFO] --- surefire:3.2.5:test (default-test) @ validadorapp ---
[INFO] Using auto detected provider org.apache.maven.surefire.junit.JUnit3Provider
[INFO]
[INFO] -------------------------------------------------------
[INFO]  T E S T S
[INFO] -------------------------------------------------------
[INFO] Running com.equipo.validador.AppTest
[INFO] Tests run: 1, Failures: 0, Errors: 0, Skipped: 0, Time elapsed: 0.020 s -- in com.equipo.validador.AppTest
[INFO]
[INFO] Results:
[INFO]
[INFO] Tests run: 1, Failures: 0, Errors: 0, Skipped: 0
[INFO]
[INFO]
[INFO] --- jar:3.4.1:jar (default-jar) @ validadorapp ---
[INFO] Building jar: C:\Users\cfvalenzuela.vidal\validadorapp\target\validadorapp-1.0-SNAPSHOT.jar
[INFO]
[INFO] -----------------< com.equipo.validador:validadorapp >------------------
[INFO] Building validadorapp 1.0-SNAPSHOT
[INFO]   from pom.xml
[INFO] --------------------------------[ jar ]---------------------------------
[INFO]
[INFO] --- sonar:3.9.1.2184:sonar (default-cli) @ validadorapp ---
[INFO] User cache: C:\Users\cfvalenzuela.vidal\.sonar\cache
[INFO] SonarQube version: 25.6.0.109173
[WARNING] Direct modification of testCompileSourceRoots through iterator.remove() is deprecated and will not work in Maven 4.0.0. Please use the add/remove methods instead. If you're using a plugin that causes this warning, please upgrade to the latest version and report an issue if the warning persists. To disable these warnings, set -Dmaven.project.sourceRoots.warningsDisabled=true on the command line, in the .mvn/maven.config file, or in project POM properties.
[INFO] Default locale: "es_CL", source code encoding: "windows-1252" (analysis is platform dependent)
[INFO] Load global settings
[INFO] Load global settings (done) | time=188ms
[INFO] Server id: 147B411E-AZdsLvAWfOsgSru6_aIV
[INFO] Loading required plugins
[INFO] Load plugins index
[INFO] Load plugins index (done) | time=80ms
[INFO] Load/download plugins
[INFO] Load/download plugins (done) | time=25ms
[INFO] Process project properties
[INFO] Process project properties (done) | time=37ms
[INFO] Project key: validadorapp
[INFO] Base dir: C:\Users\cfvalenzuela.vidal\validadorapp
[INFO] Working dir: C:\Users\cfvalenzuela.vidal\validadorapp\target\sonar
[INFO] Load project settings for component key: 'validadorapp'
[INFO] Load project settings for component key: 'validadorapp' (done) | time=41ms
[INFO] Load quality profiles
[INFO] Load quality profiles (done) | time=108ms
[WARNING] SCM provider autodetection failed. Please use "sonar.scm.provider" to define SCM of your project, or disable the SCM Sensor in the project settings.
[INFO] Load active rules
[INFO] Load active rules (done) | time=605ms
[INFO] Load analysis cache
[INFO] Load analysis cache (183 bytes) | time=39ms
[WARNING] The property 'sonar.login' is deprecated and will be removed in the future. Please use the 'sonar.token' property instead when passing a token.
[INFO] Preprocessing files...
[INFO] 2 languages detected in 3 preprocessed files (done) | time=57ms
[INFO] Loading plugins for detected languages
[INFO] Load/download plugins
[INFO] Load/download plugins (done) | time=18ms
[INFO] Load project repositories
[INFO] Load project repositories (done) | time=203ms
[INFO] Indexing files...
[INFO] Project configuration:
[INFO] 3 files indexed (done) | time=13ms
[INFO] Quality profile for java: Sonar way
[INFO] Quality profile for xml: Sonar way
[INFO] ------------- Run sensors on module validadorapp
[INFO] Load metrics repository
[INFO] Load metrics repository (done) | time=120ms
[INFO] Sensor JavaSensor [java]
[INFO] Configured Java source version (sonar.java.source): 8, preview features enabled (sonar.java.enablePreview): false
[INFO] Server-side caching is enabled. The Java analyzer will not try to leverage data from a previous analysis.
[INFO] Using ECJ batch to parse 1 Main java source files with batch size 211 KB.
[INFO] Starting batch processing.
[INFO] The Java analyzer cannot skip unchanged files in this context. A full analysis is performed for all files.
[INFO] 100% analyzed
[INFO] Batch processing: Done.
[INFO] Did not optimize analysis for any files, performed a full analysis for all 1 files.
[INFO] Using ECJ batch to parse 1 Test java source files with batch size 211 KB.
[INFO] Starting batch processing.
[INFO] 100% analyzed
[INFO] Batch processing: Done.
[INFO] Did not optimize analysis for any files, performed a full analysis for all 1 files.
[INFO] No "Generated" source files to scan.
[INFO] Sensor JavaSensor [java] (done) | time=1621ms
[INFO] Sensor SurefireSensor [java]
[INFO] parsing [C:\Users\cfvalenzuela.vidal\validadorapp\target\surefire-reports]
[INFO] Sensor SurefireSensor [java] (done) | time=95ms
[INFO] Sensor XML Sensor [xml]
[INFO] 1 source file to be analyzed
[INFO] 1/1 source file has been analyzed
[INFO] Sensor XML Sensor [xml] (done) | time=203ms
[INFO] Sensor JaCoCo XML Report Importer [jacoco]
[INFO] 'sonar.coverage.jacoco.xmlReportPaths' is not defined. Using default locations: target/site/jacoco/jacoco.xml,target/site/jacoco-it/jacoco.xml,build/reports/jacoco/test/jacocoTestReport.xml
[INFO] No report imported, no coverage information will be imported by JaCoCo XML Report Importer
[INFO] Sensor JaCoCo XML Report Importer [jacoco] (done) | time=5ms
[INFO] Sensor Java Config Sensor [iac]
[INFO] 0 source files to be analyzed
[INFO] 0/0 source files have been analyzed
[INFO] Sensor Java Config Sensor [iac] (done) | time=37ms
[INFO] Sensor IaC Docker Sensor [iac]
[INFO] 0 source files to be analyzed
[INFO] 0/0 source files have been analyzed
[INFO] Sensor IaC Docker Sensor [iac] (done) | time=101ms
[INFO] Sensor TextAndSecretsSensor [text]
[INFO] Available processors: 4
[INFO] Using 4 threads for analysis.
[INFO] Start fetching files for the text and secrets analysis
[INFO] Using Git CLI to retrieve untracked files
[WARNING] Retrieving only language associated files, make sure to run the analysis inside a git repository to make use of inclusions specified via "sonar.text.inclusions"
[INFO] Starting the text and secrets analysis
[INFO] 3 source files to be analyzed for the text and secrets analysis
[INFO] 3/3 source files have been analyzed for the text and secrets analysis
[INFO] Sensor TextAndSecretsSensor [text] (done) | time=1061ms
[INFO] ------------- Run sensors on project
[INFO] Sensor Zero Coverage Sensor
[INFO] Sensor Zero Coverage Sensor (done) | time=9ms
[INFO] Sensor Java CPD Block Indexer
[INFO] Sensor Java CPD Block Indexer (done) | time=12ms
[INFO] ------------- Gather SCA dependencies on project
[INFO] Dependency analysis skipped
[INFO] SCM Publisher No SCM system was detected. You can use the 'sonar.scm.provider' property to explicitly specify it.
[INFO] CPD Executor 1 file had no CPD blocks
[INFO] CPD Executor Calculating CPD for 0 files
[INFO] CPD Executor CPD calculation finished (done) | time=0ms
[INFO] Analysis report generated in 161ms, dir size=243.1 kB
[INFO] Analysis report compressed in 73ms, zip size=29.8 kB
[INFO] Analysis report uploaded in 30ms
[INFO] ANALYSIS SUCCESSFUL, you can find the results at: http://localhost:9000/dashboard?id=validadorapp
[INFO] Note that you will be able to access the updated dashboard once the server has processed the submitted analysis report
[INFO] More about the report processing at http://localhost:9000/api/ce/task?id=bd9eb976-f36c-4238-a8f6-07840571bcec
[INFO] Analysis total time: 7.277 s
[INFO] ------------------------------------------------------------------------
[INFO] BUILD SUCCESS
[INFO] ------------------------------------------------------------------------
[INFO] Total time:  13.219 s
[INFO] Finished at: 2025-06-16T13:05:32-04:00
[INFO] ------------------------------------------------------------------------

C:\Users\cfvalenzuela.vidal\validadorapp>mvn clean verify sonar:sonar -Dsonar.projectKey=validadorapp -Dsonar.host.url=http://localhost:9000 -Dsonar.login=squ_c55d630d8b07f34cea9c3a83047da8b8b60bd0dd
[INFO] Scanning for projects...
[INFO]
[INFO] -----------------< com.equipo.validador:validadorapp >------------------
[INFO] Building validadorapp 1.0-SNAPSHOT
[INFO]   from pom.xml
[INFO] --------------------------------[ jar ]---------------------------------
[INFO]
[INFO] --- clean:3.2.0:clean (default-clean) @ validadorapp ---
[INFO] Deleting C:\Users\cfvalenzuela.vidal\validadorapp\target
[INFO]
[INFO] --- resources:3.3.1:resources (default-resources) @ validadorapp ---
[WARNING] Using platform encoding (Cp1252 actually) to copy filtered resources, i.e. build is platform dependent!
[INFO] skip non existing resourceDirectory C:\Users\cfvalenzuela.vidal\validadorapp\src\main\resources
[INFO]
[INFO] --- compiler:3.13.0:compile (default-compile) @ validadorapp ---
[INFO] Recompiling the module because of changed source code.
[WARNING] File encoding has not been set, using platform encoding windows-1252, i.e. build is platform dependent!
[INFO] Compiling 1 source file with javac [debug target 1.8] to target\classes
[WARNING] bootstrap class path not set in conjunction with -source 8
[INFO]
[INFO] --- resources:3.3.1:testResources (default-testResources) @ validadorapp ---
[WARNING] Using platform encoding (Cp1252 actually) to copy filtered resources, i.e. build is platform dependent!
[INFO] skip non existing resourceDirectory C:\Users\cfvalenzuela.vidal\validadorapp\src\test\resources
[INFO]
[INFO] --- compiler:3.13.0:testCompile (default-testCompile) @ validadorapp ---
[INFO] Recompiling the module because of changed dependency.
[WARNING] File encoding has not been set, using platform encoding windows-1252, i.e. build is platform dependent!
[INFO] Compiling 1 source file with javac [debug target 1.8] to target\test-classes
[WARNING] bootstrap class path not set in conjunction with -source 8
[INFO]
[INFO] --- surefire:3.2.5:test (default-test) @ validadorapp ---
[INFO] Using auto detected provider org.apache.maven.surefire.junit.JUnit3Provider
[INFO]
[INFO] -------------------------------------------------------
[INFO]  T E S T S
[INFO] -------------------------------------------------------
[INFO] Running com.equipo.validador.AppTest
[INFO] Tests run: 1, Failures: 0, Errors: 0, Skipped: 0, Time elapsed: 0.054 s -- in com.equipo.validador.AppTest
[INFO]
[INFO] Results:
[INFO]
[INFO] Tests run: 1, Failures: 0, Errors: 0, Skipped: 0
[INFO]
[INFO]
[INFO] --- jar:3.4.1:jar (default-jar) @ validadorapp ---
[INFO] Building jar: C:\Users\cfvalenzuela.vidal\validadorapp\target\validadorapp-1.0-SNAPSHOT.jar
[INFO]
[INFO] -----------------< com.equipo.validador:validadorapp >------------------
[INFO] Building validadorapp 1.0-SNAPSHOT
[INFO]   from pom.xml
[INFO] --------------------------------[ jar ]---------------------------------
[INFO]
[INFO] --- sonar:3.9.1.2184:sonar (default-cli) @ validadorapp ---
[INFO] User cache: C:\Users\cfvalenzuela.vidal\.sonar\cache
[INFO] SonarQube version: 25.6.0.109173
[WARNING] Direct modification of testCompileSourceRoots through iterator.remove() is deprecated and will not work in Maven 4.0.0. Please use the add/remove methods instead. If you're using a plugin that causes this warning, please upgrade to the latest version and report an issue if the warning persists. To disable these warnings, set -Dmaven.project.sourceRoots.warningsDisabled=true on the command line, in the .mvn/maven.config file, or in project POM properties.
[INFO] Default locale: "es_CL", source code encoding: "windows-1252" (analysis is platform dependent)
[INFO] Load global settings
[INFO] Load global settings (done) | time=165ms
[INFO] Server id: 147B411E-AZdsLvAWfOsgSru6_aIV
[INFO] Loading required plugins
[INFO] Load plugins index
[INFO] Load plugins index (done) | time=80ms
[INFO] Load/download plugins
[INFO] Load/download plugins (done) | time=29ms
[INFO] Process project properties
[INFO] Process project properties (done) | time=42ms
[INFO] Project key: validadorapp
[INFO] Base dir: C:\Users\cfvalenzuela.vidal\validadorapp
[INFO] Working dir: C:\Users\cfvalenzuela.vidal\validadorapp\target\sonar
[INFO] Load project settings for component key: 'validadorapp'
[INFO] Load project settings for component key: 'validadorapp' (done) | time=27ms
[INFO] Load quality profiles
[INFO] Load quality profiles (done) | time=97ms
[WARNING] SCM provider autodetection failed. Please use "sonar.scm.provider" to define SCM of your project, or disable the SCM Sensor in the project settings.
[INFO] Load active rules
[INFO] Load active rules (done) | time=554ms
[INFO] Load analysis cache
[INFO] Load analysis cache (182 bytes) | time=31ms
[WARNING] The property 'sonar.login' is deprecated and will be removed in the future. Please use the 'sonar.token' property instead when passing a token.
[INFO] Preprocessing files...
[INFO] 2 languages detected in 3 preprocessed files (done) | time=36ms
[INFO] Loading plugins for detected languages
[INFO] Load/download plugins
[INFO] Load/download plugins (done) | time=17ms
[INFO] Load project repositories
[INFO] Load project repositories (done) | time=211ms
[INFO] Indexing files...
[INFO] Project configuration:
[INFO] 3 files indexed (done) | time=11ms
[INFO] Quality profile for java: Sonar way
[INFO] Quality profile for xml: Sonar way
[INFO] ------------- Run sensors on module validadorapp
[INFO] Load metrics repository
[INFO] Load metrics repository (done) | time=32ms
[INFO] Sensor JavaSensor [java]
[INFO] Configured Java source version (sonar.java.source): 8, preview features enabled (sonar.java.enablePreview): false
[INFO] Server-side caching is enabled. The Java analyzer will not try to leverage data from a previous analysis.
[INFO] Using ECJ batch to parse 1 Main java source files with batch size 211 KB.
[INFO] Starting batch processing.
[INFO] The Java analyzer cannot skip unchanged files in this context. A full analysis is performed for all files.
[INFO] 100% analyzed
[INFO] Batch processing: Done.
[INFO] Did not optimize analysis for any files, performed a full analysis for all 1 files.
[INFO] Using ECJ batch to parse 1 Test java source files with batch size 211 KB.
[INFO] Starting batch processing.
[INFO] 100% analyzed
[INFO] Batch processing: Done.
[INFO] Did not optimize analysis for any files, performed a full analysis for all 1 files.
[INFO] No "Generated" source files to scan.
[INFO] Sensor JavaSensor [java] (done) | time=2016ms
[INFO] Sensor SurefireSensor [java]
[INFO] parsing [C:\Users\cfvalenzuela.vidal\validadorapp\target\surefire-reports]
[INFO] Sensor SurefireSensor [java] (done) | time=128ms
[INFO] Sensor XML Sensor [xml]
[INFO] 1 source file to be analyzed
[INFO] 1/1 source file has been analyzed
[INFO] Sensor XML Sensor [xml] (done) | time=260ms
[INFO] Sensor JaCoCo XML Report Importer [jacoco]
[INFO] 'sonar.coverage.jacoco.xmlReportPaths' is not defined. Using default locations: target/site/jacoco/jacoco.xml,target/site/jacoco-it/jacoco.xml,build/reports/jacoco/test/jacocoTestReport.xml
[INFO] No report imported, no coverage information will be imported by JaCoCo XML Report Importer
[INFO] Sensor JaCoCo XML Report Importer [jacoco] (done) | time=9ms
[INFO] Sensor Java Config Sensor [iac]
[INFO] 0 source files to be analyzed
[INFO] 0/0 source files have been analyzed
[INFO] Sensor Java Config Sensor [iac] (done) | time=46ms
[INFO] Sensor IaC Docker Sensor [iac]
[INFO] 0 source files to be analyzed
[INFO] 0/0 source files have been analyzed
[INFO] Sensor IaC Docker Sensor [iac] (done) | time=154ms
[INFO] Sensor TextAndSecretsSensor [text]
[INFO] Available processors: 4
[INFO] Using 4 threads for analysis.
[INFO] Start fetching files for the text and secrets analysis
[INFO] Using Git CLI to retrieve untracked files
[WARNING] Retrieving only language associated files, make sure to run the analysis inside a git repository to make use of inclusions specified via "sonar.text.inclusions"
[INFO] Starting the text and secrets analysis
[INFO] 3 source files to be analyzed for the text and secrets analysis
[INFO] 3/3 source files have been analyzed for the text and secrets analysis
[INFO] Sensor TextAndSecretsSensor [text] (done) | time=1138ms
[INFO] ------------- Run sensors on project
[INFO] Sensor Zero Coverage Sensor
[INFO] Sensor Zero Coverage Sensor (done) | time=11ms
[INFO] Sensor Java CPD Block Indexer
[INFO] Sensor Java CPD Block Indexer (done) | time=13ms
[INFO] ------------- Gather SCA dependencies on project
[INFO] Dependency analysis skipped
[INFO] SCM Publisher No SCM system was detected. You can use the 'sonar.scm.provider' property to explicitly specify it.
[INFO] CPD Executor 1 file had no CPD blocks
[INFO] CPD Executor Calculating CPD for 0 files
[INFO] CPD Executor CPD calculation finished (done) | time=0ms
[INFO] Analysis report generated in 215ms, dir size=243.2 kB
[INFO] Analysis report compressed in 85ms, zip size=29.8 kB
[INFO] Analysis report uploaded in 66ms
[INFO] ANALYSIS SUCCESSFUL, you can find the results at: http://localhost:9000/dashboard?id=validadorapp
[INFO] Note that you will be able to access the updated dashboard once the server has processed the submitted analysis report
[INFO] More about the report processing at http://localhost:9000/api/ce/task?id=44585882-7859-462c-8455-7152855c1022
[INFO] Analysis total time: 8.082 s
[INFO] ------------------------------------------------------------------------
[INFO] BUILD SUCCESS
[INFO] ------------------------------------------------------------------------
[INFO] Total time:  14.879 s
[INFO] Finished at: 2025-06-16T13:10:09-04:00
[INFO] ------------------------------------------------------------------------

C:\Users\cfvalenzuela.vidal\validadorapp>mvn clean verify sonar:sonar -Dsonar.projectKey=validadorapp -Dsonar.host.url=http://localhost:9000 -Dsonar.login=squ_c55d630d8b07f34cea9c3a83047da8b8b60bd0dd
[INFO] Scanning for projects...
[INFO]
[INFO] -----------------< com.equipo.validador:validadorapp >------------------
[INFO] Building validadorapp 1.0-SNAPSHOT
[INFO]   from pom.xml
[INFO] --------------------------------[ jar ]---------------------------------
[INFO]
[INFO] --- clean:3.2.0:clean (default-clean) @ validadorapp ---
[INFO] Deleting C:\Users\cfvalenzuela.vidal\validadorapp\target
[INFO]
[INFO] --- resources:3.3.1:resources (default-resources) @ validadorapp ---
[WARNING] Using platform encoding (Cp1252 actually) to copy filtered resources, i.e. build is platform dependent!
[INFO] skip non existing resourceDirectory C:\Users\cfvalenzuela.vidal\validadorapp\src\main\resources
[INFO]
[INFO] --- compiler:3.13.0:compile (default-compile) @ validadorapp ---
[INFO] Recompiling the module because of changed source code.
[WARNING] File encoding has not been set, using platform encoding windows-1252, i.e. build is platform dependent!
[INFO] Compiling 1 source file with javac [debug target 1.8] to target\classes
[INFO] -------------------------------------------------------------
[WARNING] COMPILATION WARNING :
[INFO] -------------------------------------------------------------
[WARNING] bootstrap class path not set in conjunction with -source 8
[INFO] 1 warning
[INFO] -------------------------------------------------------------
[INFO] -------------------------------------------------------------
[ERROR] COMPILATION ERROR :
[INFO] -------------------------------------------------------------
[ERROR] /C:/Users/cfvalenzuela.vidal/validadorapp/src/main/java/com/equipo/validador/App.java:[1,17] package org.slf4j does not exist
[ERROR] /C:/Users/cfvalenzuela.vidal/validadorapp/src/main/java/com/equipo/validador/App.java:[2,17] package org.slf4j does not exist
[ERROR] /C:/Users/cfvalenzuela.vidal/validadorapp/src/main/java/com/equipo/validador/App.java:[5,26] cannot find symbol
  symbol:   class Logger
  location: class App
[ERROR] /C:/Users/cfvalenzuela.vidal/validadorapp/src/main/java/com/equipo/validador/App.java:[5,42] cannot find symbol
  symbol:   variable LoggerFactory
  location: class App
[INFO] 4 errors
[INFO] -------------------------------------------------------------
[INFO]
[INFO] ------------------------------------------------------------------------
[INFO] Skipping validadorapp
[INFO] This project has been banned from the build due to previous failures.
[INFO] ------------------------------------------------------------------------
[INFO] ------------------------------------------------------------------------
[INFO] BUILD FAILURE
[INFO] ------------------------------------------------------------------------
[INFO] Total time:  2.319 s
[INFO] Finished at: 2025-06-16T13:11:21-04:00
[INFO] ------------------------------------------------------------------------
[ERROR] Failed to execute goal org.apache.maven.plugins:maven-compiler-plugin:3.13.0:compile (default-compile) on project validadorapp: Compilation failure: Compilation failure:
[ERROR] /C:/Users/cfvalenzuela.vidal/validadorapp/src/main/java/com/equipo/validador/App.java:[1,17] package org.slf4j does not exist
[ERROR] /C:/Users/cfvalenzuela.vidal/validadorapp/src/main/java/com/equipo/validador/App.java:[2,17] package org.slf4j does not exist
[ERROR] /C:/Users/cfvalenzuela.vidal/validadorapp/src/main/java/com/equipo/validador/App.java:[5,26] cannot find symbol
[ERROR]   symbol:   class Logger
[ERROR]   location: class App
[ERROR] /C:/Users/cfvalenzuela.vidal/validadorapp/src/main/java/com/equipo/validador/App.java:[5,42] cannot find symbol
[ERROR]   symbol:   variable LoggerFactory
[ERROR]   location: class App
[ERROR] -> [Help 1]
[ERROR]
[ERROR] To see the full stack trace of the errors, re-run Maven with the -e switch.
[ERROR] Re-run Maven using the -X switch to enable full debug logging.
[ERROR]
[ERROR] For more information about the errors and possible solutions, please read the following articles:
[ERROR] [Help 1] http://cwiki.apache.org/confluence/display/MAVEN/MojoFailureException

C:\Users\cfvalenzuela.vidal\validadorapp>mvn clean verify sonar:sonar -Dsonar.projectKey=validadorapp -Dsonar.host.url=http://localhost:9000 -Dsonar.login=squ_c55d630d8b07f34cea9c3a83047da8b8b60bd0dd
[INFO] Scanning for projects...
[INFO]
[INFO] -----------------< com.equipo.validador:validadorapp >------------------
[INFO] Building validadorapp 1.0-SNAPSHOT
[INFO]   from pom.xml
[INFO] --------------------------------[ jar ]---------------------------------
[INFO]
[INFO] --- clean:3.2.0:clean (default-clean) @ validadorapp ---
[INFO] Deleting C:\Users\cfvalenzuela.vidal\validadorapp\target
[INFO]
[INFO] --- resources:3.3.1:resources (default-resources) @ validadorapp ---
[WARNING] Using platform encoding (Cp1252 actually) to copy filtered resources, i.e. build is platform dependent!
[INFO] skip non existing resourceDirectory C:\Users\cfvalenzuela.vidal\validadorapp\src\main\resources
[INFO]
[INFO] --- compiler:3.13.0:compile (default-compile) @ validadorapp ---
[INFO] Recompiling the module because of changed source code.
[WARNING] File encoding has not been set, using platform encoding windows-1252, i.e. build is platform dependent!
[INFO] Compiling 1 source file with javac [debug target 1.8] to target\classes
[WARNING] bootstrap class path not set in conjunction with -source 8
[INFO]
[INFO] --- resources:3.3.1:testResources (default-testResources) @ validadorapp ---
[WARNING] Using platform encoding (Cp1252 actually) to copy filtered resources, i.e. build is platform dependent!
[INFO] skip non existing resourceDirectory C:\Users\cfvalenzuela.vidal\validadorapp\src\test\resources
[INFO]
[INFO] --- compiler:3.13.0:testCompile (default-testCompile) @ validadorapp ---
[INFO] Recompiling the module because of changed dependency.
[WARNING] File encoding has not been set, using platform encoding windows-1252, i.e. build is platform dependent!
[INFO] Compiling 1 source file with javac [debug target 1.8] to target\test-classes
[WARNING] bootstrap class path not set in conjunction with -source 8
[INFO]
[INFO] --- surefire:3.2.5:test (default-test) @ validadorapp ---
[INFO] Using auto detected provider org.apache.maven.surefire.junit.JUnit3Provider
[INFO]
[INFO] -------------------------------------------------------
[INFO]  T E S T S
[INFO] -------------------------------------------------------
[INFO] Running com.equipo.validador.AppTest
[INFO] Tests run: 1, Failures: 0, Errors: 0, Skipped: 0, Time elapsed: 0.026 s -- in com.equipo.validador.AppTest
[INFO]
[INFO] Results:
[INFO]
[INFO] Tests run: 1, Failures: 0, Errors: 0, Skipped: 0
[INFO]
[INFO]
[INFO] --- jar:3.4.1:jar (default-jar) @ validadorapp ---
[INFO] Building jar: C:\Users\cfvalenzuela.vidal\validadorapp\target\validadorapp-1.0-SNAPSHOT.jar
[INFO]
[INFO] -----------------< com.equipo.validador:validadorapp >------------------
[INFO] Building validadorapp 1.0-SNAPSHOT
[INFO]   from pom.xml
[INFO] --------------------------------[ jar ]---------------------------------
[INFO]
[INFO] --- sonar:3.9.1.2184:sonar (default-cli) @ validadorapp ---
[INFO] User cache: C:\Users\cfvalenzuela.vidal\.sonar\cache
[INFO] SonarQube version: 25.6.0.109173
[WARNING] Direct modification of testCompileSourceRoots through iterator.remove() is deprecated and will not work in Maven 4.0.0. Please use the add/remove methods instead. If you're using a plugin that causes this warning, please upgrade to the latest version and report an issue if the warning persists. To disable these warnings, set -Dmaven.project.sourceRoots.warningsDisabled=true on the command line, in the .mvn/maven.config file, or in project POM properties.
[INFO] Default locale: "es_CL", source code encoding: "windows-1252" (analysis is platform dependent)
[INFO] Load global settings
[INFO] Load global settings (done) | time=167ms
[INFO] Server id: 147B411E-AZdsLvAWfOsgSru6_aIV
[INFO] Loading required plugins
[INFO] Load plugins index
[INFO] Load plugins index (done) | time=64ms
[INFO] Load/download plugins
[INFO] Load/download plugins (done) | time=39ms
[INFO] Process project properties
[INFO] Process project properties (done) | time=47ms
[INFO] Project key: validadorapp
[INFO] Base dir: C:\Users\cfvalenzuela.vidal\validadorapp
[INFO] Working dir: C:\Users\cfvalenzuela.vidal\validadorapp\target\sonar
[INFO] Load project settings for component key: 'validadorapp'
[INFO] Load project settings for component key: 'validadorapp' (done) | time=87ms
[INFO] Load quality profiles
[INFO] Load quality profiles (done) | time=178ms
[WARNING] SCM provider autodetection failed. Please use "sonar.scm.provider" to define SCM of your project, or disable the SCM Sensor in the project settings.
[INFO] Load active rules
[INFO] Load active rules (done) | time=490ms
[INFO] Load analysis cache
[INFO] Load analysis cache (182 bytes) | time=23ms
[WARNING] The property 'sonar.login' is deprecated and will be removed in the future. Please use the 'sonar.token' property instead when passing a token.
[INFO] Preprocessing files...
[INFO] 2 languages detected in 3 preprocessed files (done) | time=52ms
[INFO] Loading plugins for detected languages
[INFO] Load/download plugins
[INFO] Load/download plugins (done) | time=18ms
[INFO] Load project repositories
[INFO] Load project repositories (done) | time=197ms
[INFO] Indexing files...
[INFO] Project configuration:
[INFO] 3 files indexed (done) | time=10ms
[INFO] Quality profile for java: Sonar way
[INFO] Quality profile for xml: Sonar way
[INFO] ------------- Run sensors on module validadorapp
[INFO] Load metrics repository
[INFO] Load metrics repository (done) | time=28ms
[INFO] Sensor JavaSensor [java]
[INFO] Configured Java source version (sonar.java.source): 8, preview features enabled (sonar.java.enablePreview): false
[INFO] Server-side caching is enabled. The Java analyzer will not try to leverage data from a previous analysis.
[INFO] Using ECJ batch to parse 1 Main java source files with batch size 211 KB.
[INFO] Starting batch processing.
[INFO] The Java analyzer cannot skip unchanged files in this context. A full analysis is performed for all files.
[INFO] 100% analyzed
[INFO] Batch processing: Done.
[INFO] Did not optimize analysis for any files, performed a full analysis for all 1 files.
[INFO] Using ECJ batch to parse 1 Test java source files with batch size 211 KB.
[INFO] Starting batch processing.
[INFO] 100% analyzed
[INFO] Batch processing: Done.
[INFO] Did not optimize analysis for any files, performed a full analysis for all 1 files.
[INFO] No "Generated" source files to scan.
[INFO] Sensor JavaSensor [java] (done) | time=1638ms
[INFO] Sensor SurefireSensor [java]
[INFO] parsing [C:\Users\cfvalenzuela.vidal\validadorapp\target\surefire-reports]
[INFO] Sensor SurefireSensor [java] (done) | time=138ms
[INFO] Sensor XML Sensor [xml]
[INFO] 1 source file to be analyzed
[INFO] 1/1 source file has been analyzed
[INFO] Sensor XML Sensor [xml] (done) | time=229ms
[INFO] Sensor JaCoCo XML Report Importer [jacoco]
[INFO] 'sonar.coverage.jacoco.xmlReportPaths' is not defined. Using default locations: target/site/jacoco/jacoco.xml,target/site/jacoco-it/jacoco.xml,build/reports/jacoco/test/jacocoTestReport.xml
[INFO] No report imported, no coverage information will be imported by JaCoCo XML Report Importer
[INFO] Sensor JaCoCo XML Report Importer [jacoco] (done) | time=6ms
[INFO] Sensor Java Config Sensor [iac]
[INFO] 0 source files to be analyzed
[INFO] 0/0 source files have been analyzed
[INFO] Sensor Java Config Sensor [iac] (done) | time=82ms
[INFO] Sensor IaC Docker Sensor [iac]
[INFO] 0 source files to be analyzed
[INFO] 0/0 source files have been analyzed
[INFO] Sensor IaC Docker Sensor [iac] (done) | time=266ms
[INFO] Sensor TextAndSecretsSensor [text]
[INFO] Available processors: 4
[INFO] Using 4 threads for analysis.
[INFO] Start fetching files for the text and secrets analysis
[INFO] Using Git CLI to retrieve untracked files
[WARNING] Retrieving only language associated files, make sure to run the analysis inside a git repository to make use of inclusions specified via "sonar.text.inclusions"
[INFO] Starting the text and secrets analysis
[INFO] 3 source files to be analyzed for the text and secrets analysis
[INFO] 3/3 source files have been analyzed for the text and secrets analysis
[INFO] Sensor TextAndSecretsSensor [text] (done) | time=1294ms
[INFO] ------------- Run sensors on project
[INFO] Sensor Zero Coverage Sensor
[INFO] Sensor Zero Coverage Sensor (done) | time=14ms
[INFO] Sensor Java CPD Block Indexer
[INFO] Sensor Java CPD Block Indexer (done) | time=19ms
[INFO] ------------- Gather SCA dependencies on project
[INFO] Dependency analysis skipped
[INFO] SCM Publisher No SCM system was detected. You can use the 'sonar.scm.provider' property to explicitly specify it.
[INFO] CPD Executor 1 file had no CPD blocks
[INFO] CPD Executor Calculating CPD for 0 files
[INFO] CPD Executor CPD calculation finished (done) | time=0ms
[INFO] Analysis report generated in 169ms, dir size=243.4 kB
[INFO] Analysis report compressed in 89ms, zip size=30.0 kB
[INFO] Analysis report uploaded in 37ms
[INFO] ANALYSIS SUCCESSFUL, you can find the results at: http://localhost:9000/dashboard?id=validadorapp
[INFO] Note that you will be able to access the updated dashboard once the server has processed the submitted analysis report
[INFO] More about the report processing at http://localhost:9000/api/ce/task?id=113adc2a-2a81-4f7f-8db9-821cf71f778c
[INFO] Analysis total time: 7.979 s
[INFO] ------------------------------------------------------------------------
[INFO] BUILD SUCCESS
[INFO] ------------------------------------------------------------------------
[INFO] Total time:  14.422 s
[INFO] Finished at: 2025-06-16T13:12:19-04:00
[INFO] ------------------------------------------------------------------------

C:\Users\cfvalenzuela.vidal\validadorapp>mvn clean verify sonar:sonar -Dsonar.projectKey=validadorapp -Dsonar.host.url=http://localhost:9000 -Dsonar.login=squ_c55d630d8b07f34cea9c3a83047da8b8b60bd0dd
[INFO] Scanning for projects...
[INFO]
[INFO] -----------------< com.equipo.validador:validadorapp >------------------
[INFO] Building validadorapp 1.0-SNAPSHOT
[INFO]   from pom.xml
[INFO] --------------------------------[ jar ]---------------------------------
[INFO]
[INFO] --- clean:3.2.0:clean (default-clean) @ validadorapp ---
[INFO] Deleting C:\Users\cfvalenzuela.vidal\validadorapp\target
[INFO]
[INFO] --- resources:3.3.1:resources (default-resources) @ validadorapp ---
[WARNING] Using platform encoding (Cp1252 actually) to copy filtered resources, i.e. build is platform dependent!
[INFO] skip non existing resourceDirectory C:\Users\cfvalenzuela.vidal\validadorapp\src\main\resources
[INFO]
[INFO] --- compiler:3.13.0:compile (default-compile) @ validadorapp ---
[INFO] Recompiling the module because of changed source code.
[WARNING] File encoding has not been set, using platform encoding windows-1252, i.e. build is platform dependent!
[INFO] Compiling 1 source file with javac [debug target 1.8] to target\classes
[INFO] -------------------------------------------------------------
[WARNING] COMPILATION WARNING :
[INFO] -------------------------------------------------------------
[WARNING] bootstrap class path not set in conjunction with -source 8
[INFO] 1 warning
[INFO] -------------------------------------------------------------
[INFO] -------------------------------------------------------------
[ERROR] COMPILATION ERROR :
[INFO] -------------------------------------------------------------
[ERROR] /C:/Users/cfvalenzuela.vidal/validadorapp/src/main/java/com/equipo/validador/App.java:[2,1] class, interface, or enum expected
[INFO] 1 error
[INFO] -------------------------------------------------------------
[INFO]
[INFO] ------------------------------------------------------------------------
[INFO] Skipping validadorapp
[INFO] This project has been banned from the build due to previous failures.
[INFO] ------------------------------------------------------------------------
[INFO] ------------------------------------------------------------------------
[INFO] BUILD FAILURE
[INFO] ------------------------------------------------------------------------
[INFO] Total time:  1.503 s
[INFO] Finished at: 2025-06-16T13:14:00-04:00
[INFO] ------------------------------------------------------------------------
[ERROR] Failed to execute goal org.apache.maven.plugins:maven-compiler-plugin:3.13.0:compile (default-compile) on project validadorapp: Compilation failure
[ERROR] /C:/Users/cfvalenzuela.vidal/validadorapp/src/main/java/com/equipo/validador/App.java:[2,1] class, interface, or enum expected
[ERROR]
[ERROR] -> [Help 1]
[ERROR]
[ERROR] To see the full stack trace of the errors, re-run Maven with the -e switch.
[ERROR] Re-run Maven using the -X switch to enable full debug logging.
[ERROR]
[ERROR] For more information about the errors and possible solutions, please read the following articles:
[ERROR] [Help 1] http://cwiki.apache.org/confluence/display/MAVEN/MojoFailureException

C:\Users\cfvalenzuela.vidal\validadorapp>mvn clean verify sonar:sonar -Dsonar.projectKey=validadorapp -Dsonar.host.url=http://localhost:9000 -Dsonar.login=squ_c55d630d8b07f34cea9c3a83047da8b8b60bd0dd
[INFO] Scanning for projects...
[INFO]
[INFO] -----------------< com.equipo.validador:validadorapp >------------------
[INFO] Building validadorapp 1.0-SNAPSHOT
[INFO]   from pom.xml
[INFO] --------------------------------[ jar ]---------------------------------
[INFO]
[INFO] --- clean:3.2.0:clean (default-clean) @ validadorapp ---
[INFO] Deleting C:\Users\cfvalenzuela.vidal\validadorapp\target
[INFO]
[INFO] --- resources:3.3.1:resources (default-resources) @ validadorapp ---
[WARNING] Using platform encoding (Cp1252 actually) to copy filtered resources, i.e. build is platform dependent!
[INFO] skip non existing resourceDirectory C:\Users\cfvalenzuela.vidal\validadorapp\src\main\resources
[INFO]
[INFO] --- compiler:3.13.0:compile (default-compile) @ validadorapp ---
[INFO] Recompiling the module because of changed source code.
[WARNING] File encoding has not been set, using platform encoding windows-1252, i.e. build is platform dependent!
[INFO] Compiling 1 source file with javac [debug target 1.8] to target\classes
[WARNING] bootstrap class path not set in conjunction with -source 8
[INFO]
[INFO] --- resources:3.3.1:testResources (default-testResources) @ validadorapp ---
[WARNING] Using platform encoding (Cp1252 actually) to copy filtered resources, i.e. build is platform dependent!
[INFO] skip non existing resourceDirectory C:\Users\cfvalenzuela.vidal\validadorapp\src\test\resources
[INFO]
[INFO] --- compiler:3.13.0:testCompile (default-testCompile) @ validadorapp ---
[INFO] Recompiling the module because of changed dependency.
[WARNING] File encoding has not been set, using platform encoding windows-1252, i.e. build is platform dependent!
[INFO] Compiling 1 source file with javac [debug target 1.8] to target\test-classes
[WARNING] bootstrap class path not set in conjunction with -source 8
[INFO]
[INFO] --- surefire:3.2.5:test (default-test) @ validadorapp ---
[INFO] Using auto detected provider org.apache.maven.surefire.junit.JUnit3Provider
[INFO]
[INFO] -------------------------------------------------------
[INFO]  T E S T S
[INFO] -------------------------------------------------------
[INFO] Running com.equipo.validador.AppTest
[INFO] Tests run: 1, Failures: 0, Errors: 0, Skipped: 0, Time elapsed: 0.016 s -- in com.equipo.validador.AppTest
[INFO]
[INFO] Results:
[INFO]
[INFO] Tests run: 1, Failures: 0, Errors: 0, Skipped: 0
[INFO]
[INFO]
[INFO] --- jar:3.4.1:jar (default-jar) @ validadorapp ---
[INFO] Building jar: C:\Users\cfvalenzuela.vidal\validadorapp\target\validadorapp-1.0-SNAPSHOT.jar
[INFO]
[INFO] -----------------< com.equipo.validador:validadorapp >------------------
[INFO] Building validadorapp 1.0-SNAPSHOT
[INFO]   from pom.xml
[INFO] --------------------------------[ jar ]---------------------------------
[INFO]
[INFO] --- sonar:3.9.1.2184:sonar (default-cli) @ validadorapp ---
[INFO] User cache: C:\Users\cfvalenzuela.vidal\.sonar\cache
[INFO] SonarQube version: 25.6.0.109173
[WARNING] Direct modification of testCompileSourceRoots through iterator.remove() is deprecated and will not work in Maven 4.0.0. Please use the add/remove methods instead. If you're using a plugin that causes this warning, please upgrade to the latest version and report an issue if the warning persists. To disable these warnings, set -Dmaven.project.sourceRoots.warningsDisabled=true on the command line, in the .mvn/maven.config file, or in project POM properties.
[INFO] Default locale: "es_CL", source code encoding: "windows-1252" (analysis is platform dependent)
[INFO] Load global settings
[INFO] Load global settings (done) | time=195ms
[INFO] Server id: 147B411E-AZdsLvAWfOsgSru6_aIV
[INFO] Loading required plugins
[INFO] Load plugins index
[INFO] Load plugins index (done) | time=69ms
[INFO] Load/download plugins
[INFO] Load/download plugins (done) | time=23ms
[INFO] Process project properties
[INFO] Process project properties (done) | time=35ms
[INFO] Project key: validadorapp
[INFO] Base dir: C:\Users\cfvalenzuela.vidal\validadorapp
[INFO] Working dir: C:\Users\cfvalenzuela.vidal\validadorapp\target\sonar
[INFO] Load project settings for component key: 'validadorapp'
[INFO] Load project settings for component key: 'validadorapp' (done) | time=44ms
[INFO] Load quality profiles
[INFO] Load quality profiles (done) | time=113ms
[WARNING] SCM provider autodetection failed. Please use "sonar.scm.provider" to define SCM of your project, or disable the SCM Sensor in the project settings.
[INFO] Load active rules
[INFO] Load active rules (done) | time=526ms
[INFO] Load analysis cache
[INFO] Load analysis cache (182 bytes) | time=27ms
[WARNING] The property 'sonar.login' is deprecated and will be removed in the future. Please use the 'sonar.token' property instead when passing a token.
[INFO] Preprocessing files...
[INFO] 2 languages detected in 3 preprocessed files (done) | time=24ms
[INFO] Loading plugins for detected languages
[INFO] Load/download plugins
[INFO] Load/download plugins (done) | time=33ms
[INFO] Load project repositories
[INFO] Load project repositories (done) | time=211ms
[INFO] Indexing files...
[INFO] Project configuration:
[INFO] 3 files indexed (done) | time=13ms
[INFO] Quality profile for java: Sonar way
[INFO] Quality profile for xml: Sonar way
[INFO] ------------- Run sensors on module validadorapp
[INFO] Load metrics repository
[INFO] Load metrics repository (done) | time=26ms
[INFO] Sensor JavaSensor [java]
[INFO] Configured Java source version (sonar.java.source): 8, preview features enabled (sonar.java.enablePreview): false
[INFO] Server-side caching is enabled. The Java analyzer will not try to leverage data from a previous analysis.
[INFO] Using ECJ batch to parse 1 Main java source files with batch size 211 KB.
[INFO] Starting batch processing.
[INFO] The Java analyzer cannot skip unchanged files in this context. A full analysis is performed for all files.
[INFO] 100% analyzed
[INFO] Batch processing: Done.
[INFO] Did not optimize analysis for any files, performed a full analysis for all 1 files.
[INFO] Using ECJ batch to parse 1 Test java source files with batch size 211 KB.
[INFO] Starting batch processing.
[INFO] 100% analyzed
[INFO] Batch processing: Done.
[INFO] Did not optimize analysis for any files, performed a full analysis for all 1 files.
[INFO] No "Generated" source files to scan.
[INFO] Sensor JavaSensor [java] (done) | time=2223ms
[INFO] Sensor SurefireSensor [java]
[INFO] parsing [C:\Users\cfvalenzuela.vidal\validadorapp\target\surefire-reports]
[INFO] Sensor SurefireSensor [java] (done) | time=93ms
[INFO] Sensor XML Sensor [xml]
[INFO] 1 source file to be analyzed
[INFO] 1/1 source file has been analyzed
[INFO] Sensor XML Sensor [xml] (done) | time=188ms
[INFO] Sensor JaCoCo XML Report Importer [jacoco]
[INFO] 'sonar.coverage.jacoco.xmlReportPaths' is not defined. Using default locations: target/site/jacoco/jacoco.xml,target/site/jacoco-it/jacoco.xml,build/reports/jacoco/test/jacocoTestReport.xml
[INFO] No report imported, no coverage information will be imported by JaCoCo XML Report Importer
[INFO] Sensor JaCoCo XML Report Importer [jacoco] (done) | time=4ms
[INFO] Sensor Java Config Sensor [iac]
[INFO] 0 source files to be analyzed
[INFO] 0/0 source files have been analyzed
[INFO] Sensor Java Config Sensor [iac] (done) | time=39ms
[INFO] Sensor IaC Docker Sensor [iac]
[INFO] 0 source files to be analyzed
[INFO] 0/0 source files have been analyzed
[INFO] Sensor IaC Docker Sensor [iac] (done) | time=118ms
[INFO] Sensor TextAndSecretsSensor [text]
[INFO] Available processors: 4
[INFO] Using 4 threads for analysis.
[INFO] Start fetching files for the text and secrets analysis
[INFO] Using Git CLI to retrieve untracked files
[WARNING] Retrieving only language associated files, make sure to run the analysis inside a git repository to make use of inclusions specified via "sonar.text.inclusions"
[INFO] Starting the text and secrets analysis
[INFO] 3 source files to be analyzed for the text and secrets analysis
[INFO] 3/3 source files have been analyzed for the text and secrets analysis
[INFO] Sensor TextAndSecretsSensor [text] (done) | time=971ms
[INFO] ------------- Run sensors on project
[INFO] Sensor Zero Coverage Sensor
[INFO] Sensor Zero Coverage Sensor (done) | time=13ms
[INFO] Sensor Java CPD Block Indexer
[INFO] Sensor Java CPD Block Indexer (done) | time=18ms
[INFO] ------------- Gather SCA dependencies on project
[INFO] Dependency analysis skipped
[INFO] SCM Publisher No SCM system was detected. You can use the 'sonar.scm.provider' property to explicitly specify it.
[INFO] CPD Executor 1 file had no CPD blocks
[INFO] CPD Executor Calculating CPD for 0 files
[INFO] CPD Executor CPD calculation finished (done) | time=0ms
[INFO] Analysis report generated in 151ms, dir size=243.4 kB
[INFO] Analysis report compressed in 74ms, zip size=29.8 kB
[INFO] Analysis report uploaded in 27ms
[INFO] ANALYSIS SUCCESSFUL, you can find the results at: http://localhost:9000/dashboard?id=validadorapp
[INFO] Note that you will be able to access the updated dashboard once the server has processed the submitted analysis report
[INFO] More about the report processing at http://localhost:9000/api/ce/task?id=e37e8bb5-7cb6-45f7-a3b0-2fe37663d57d
[INFO] Analysis total time: 7.390 s
[INFO] ------------------------------------------------------------------------
[INFO] BUILD SUCCESS
[INFO] ------------------------------------------------------------------------
[INFO] Total time:  13.798 s
[INFO] Finished at: 2025-06-16T13:15:46-04:00
[INFO] ------------------------------------------------------------------------

C:\Users\cfvalenzuela.vidal\validadorapp>mvn clean verify sonar:sonar -Dsonar.projectKey=validadorapp -Dsonar.host.url=http://localhost:9000 -Dsonar.login=squ_c55d630d8b07f34cea9c3a83047da8b8b60bd0dd
[INFO] Scanning for projects...
[INFO]
[INFO] -----------------< com.equipo.validador:validadorapp >------------------
[INFO] Building validadorapp 1.0-SNAPSHOT
[INFO]   from pom.xml
[INFO] --------------------------------[ jar ]---------------------------------
[INFO]
[INFO] --- clean:3.2.0:clean (default-clean) @ validadorapp ---
[INFO] Deleting C:\Users\cfvalenzuela.vidal\validadorapp\target
[INFO]
[INFO] --- resources:3.3.1:resources (default-resources) @ validadorapp ---
[WARNING] Using platform encoding (Cp1252 actually) to copy filtered resources, i.e. build is platform dependent!
[INFO] skip non existing resourceDirectory C:\Users\cfvalenzuela.vidal\validadorapp\src\main\resources
[INFO]
[INFO] --- compiler:3.13.0:compile (default-compile) @ validadorapp ---
[INFO] Recompiling the module because of changed source code.
[WARNING] File encoding has not been set, using platform encoding windows-1252, i.e. build is platform dependent!
[INFO] Compiling 1 source file with javac [debug target 1.8] to target\classes
[INFO] -------------------------------------------------------------
[WARNING] COMPILATION WARNING :
[INFO] -------------------------------------------------------------
[WARNING] bootstrap class path not set in conjunction with -source 8
[INFO] 1 warning
[INFO] -------------------------------------------------------------
[INFO] -------------------------------------------------------------
[ERROR] COMPILATION ERROR :
[INFO] -------------------------------------------------------------
[ERROR] /C:/Users/cfvalenzuela.vidal/validadorapp/src/main/java/com/equipo/validador/App.java:[6,25] illegal character: '\u00b1'
[INFO] 1 error
[INFO] -------------------------------------------------------------
[INFO]
[INFO] ------------------------------------------------------------------------
[INFO] Skipping validadorapp
[INFO] This project has been banned from the build due to previous failures.
[INFO] ------------------------------------------------------------------------
[INFO] ------------------------------------------------------------------------
[INFO] BUILD FAILURE
[INFO] ------------------------------------------------------------------------
[INFO] Total time:  1.939 s
[INFO] Finished at: 2025-06-16T13:43:15-04:00
[INFO] ------------------------------------------------------------------------
[ERROR] Failed to execute goal org.apache.maven.plugins:maven-compiler-plugin:3.13.0:compile (default-compile) on project validadorapp: Compilation failure
[ERROR] /C:/Users/cfvalenzuela.vidal/validadorapp/src/main/java/com/equipo/validador/App.java:[6,25] illegal character: '\u00b1'
[ERROR]
[ERROR] -> [Help 1]
[ERROR]
[ERROR] To see the full stack trace of the errors, re-run Maven with the -e switch.
[ERROR] Re-run Maven using the -X switch to enable full debug logging.
[ERROR]
[ERROR] For more information about the errors and possible solutions, please read the following articles:
[ERROR] [Help 1] http://cwiki.apache.org/confluence/display/MAVEN/MojoFailureException

C:\Users\cfvalenzuela.vidal\validadorapp>mvn clean verify sonar:sonar -Dsonar.projectKey=validadorapp -Dsonar.host.url=http://localhost:9000 -Dsonar.login=squ_c55d630d8b07f34cea9c3a83047da8b8b60bd0dd
[INFO] Scanning for projects...
[INFO]
[INFO] -----------------< com.equipo.validador:validadorapp >------------------
[INFO] Building validadorapp 1.0-SNAPSHOT
[INFO]   from pom.xml
[INFO] --------------------------------[ jar ]---------------------------------
[INFO]
[INFO] --- clean:3.2.0:clean (default-clean) @ validadorapp ---
[INFO] Deleting C:\Users\cfvalenzuela.vidal\validadorapp\target
[INFO]
[INFO] --- resources:3.3.1:resources (default-resources) @ validadorapp ---
[WARNING] Using platform encoding (Cp1252 actually) to copy filtered resources, i.e. build is platform dependent!
[INFO] skip non existing resourceDirectory C:\Users\cfvalenzuela.vidal\validadorapp\src\main\resources
[INFO]
[INFO] --- compiler:3.13.0:compile (default-compile) @ validadorapp ---
[INFO] Recompiling the module because of changed source code.
[WARNING] File encoding has not been set, using platform encoding windows-1252, i.e. build is platform dependent!
[INFO] Compiling 1 source file with javac [debug target 1.8] to target\classes
[WARNING] bootstrap class path not set in conjunction with -source 8
[INFO]
[INFO] --- resources:3.3.1:testResources (default-testResources) @ validadorapp ---
[WARNING] Using platform encoding (Cp1252 actually) to copy filtered resources, i.e. build is platform dependent!
[INFO] skip non existing resourceDirectory C:\Users\cfvalenzuela.vidal\validadorapp\src\test\resources
[INFO]
[INFO] --- compiler:3.13.0:testCompile (default-testCompile) @ validadorapp ---
[INFO] Recompiling the module because of changed dependency.
[WARNING] File encoding has not been set, using platform encoding windows-1252, i.e. build is platform dependent!
[INFO] Compiling 1 source file with javac [debug target 1.8] to target\test-classes
[WARNING] bootstrap class path not set in conjunction with -source 8
[INFO]
[INFO] --- surefire:3.2.5:test (default-test) @ validadorapp ---
[INFO] Using auto detected provider org.apache.maven.surefire.junit.JUnit3Provider
[INFO]
[INFO] -------------------------------------------------------
[INFO]  T E S T S
[INFO] -------------------------------------------------------
[INFO] Running com.equipo.validador.AppTest
[INFO] Tests run: 1, Failures: 0, Errors: 0, Skipped: 0, Time elapsed: 0.032 s -- in com.equipo.validador.AppTest
[INFO]
[INFO] Results:
[INFO]
[INFO] Tests run: 1, Failures: 0, Errors: 0, Skipped: 0
[INFO]
[INFO]
[INFO] --- jar:3.4.1:jar (default-jar) @ validadorapp ---
[INFO] Building jar: C:\Users\cfvalenzuela.vidal\validadorapp\target\validadorapp-1.0-SNAPSHOT.jar
[INFO]
[INFO] -----------------< com.equipo.validador:validadorapp >------------------
[INFO] Building validadorapp 1.0-SNAPSHOT
[INFO]   from pom.xml
[INFO] --------------------------------[ jar ]---------------------------------
[INFO]
[INFO] --- sonar:3.9.1.2184:sonar (default-cli) @ validadorapp ---
[INFO] User cache: C:\Users\cfvalenzuela.vidal\.sonar\cache
[INFO] SonarQube version: 25.6.0.109173
[WARNING] Direct modification of testCompileSourceRoots through iterator.remove() is deprecated and will not work in Maven 4.0.0. Please use the add/remove methods instead. If you're using a plugin that causes this warning, please upgrade to the latest version and report an issue if the warning persists. To disable these warnings, set -Dmaven.project.sourceRoots.warningsDisabled=true on the command line, in the .mvn/maven.config file, or in project POM properties.
[INFO] Default locale: "es_CL", source code encoding: "windows-1252" (analysis is platform dependent)
[INFO] Load global settings
[INFO] Load global settings (done) | time=320ms
[INFO] Server id: 147B411E-AZdsLvAWfOsgSru6_aIV
[INFO] Loading required plugins
[INFO] Load plugins index
[INFO] Load plugins index (done) | time=133ms
[INFO] Load/download plugins
[INFO] Load/download plugins (done) | time=32ms
[INFO] Process project properties
[INFO] Process project properties (done) | time=38ms
[INFO] Project key: validadorapp
[INFO] Base dir: C:\Users\cfvalenzuela.vidal\validadorapp
[INFO] Working dir: C:\Users\cfvalenzuela.vidal\validadorapp\target\sonar
[INFO] Load project settings for component key: 'validadorapp'
[INFO] Load project settings for component key: 'validadorapp' (done) | time=30ms
[INFO] Load quality profiles
[INFO] Load quality profiles (done) | time=165ms
[WARNING] SCM provider autodetection failed. Please use "sonar.scm.provider" to define SCM of your project, or disable the SCM Sensor in the project settings.
[INFO] Load active rules
[INFO] Load active rules (done) | time=523ms
[INFO] Load analysis cache
[INFO] Load analysis cache (191 bytes) | time=22ms
[WARNING] The property 'sonar.login' is deprecated and will be removed in the future. Please use the 'sonar.token' property instead when passing a token.
[INFO] Preprocessing files...
[INFO] 2 languages detected in 3 preprocessed files (done) | time=34ms
[INFO] Loading plugins for detected languages
[INFO] Load/download plugins
[INFO] Load/download plugins (done) | time=15ms
[INFO] Load project repositories
[INFO] Load project repositories (done) | time=198ms
[INFO] Indexing files...
[INFO] Project configuration:
[INFO] 3 files indexed (done) | time=16ms
[INFO] Quality profile for java: Sonar way
[INFO] Quality profile for xml: Sonar way
[INFO] ------------- Run sensors on module validadorapp
[INFO] Load metrics repository
[INFO] Load metrics repository (done) | time=21ms
[INFO] Sensor JavaSensor [java]
[INFO] Configured Java source version (sonar.java.source): 8, preview features enabled (sonar.java.enablePreview): false
[INFO] Server-side caching is enabled. The Java analyzer will not try to leverage data from a previous analysis.
[INFO] Using ECJ batch to parse 1 Main java source files with batch size 211 KB.
[INFO] Starting batch processing.
[INFO] The Java analyzer cannot skip unchanged files in this context. A full analysis is performed for all files.
[INFO] 100% analyzed
[INFO] Batch processing: Done.
[INFO] Did not optimize analysis for any files, performed a full analysis for all 1 files.
[INFO] Using ECJ batch to parse 1 Test java source files with batch size 211 KB.
[INFO] Starting batch processing.
[INFO] 100% analyzed
[INFO] Batch processing: Done.
[INFO] Did not optimize analysis for any files, performed a full analysis for all 1 files.
[INFO] No "Generated" source files to scan.
[INFO] Sensor JavaSensor [java] (done) | time=2018ms
[INFO] Sensor SurefireSensor [java]
[INFO] parsing [C:\Users\cfvalenzuela.vidal\validadorapp\target\surefire-reports]
[INFO] Sensor SurefireSensor [java] (done) | time=109ms
[INFO] Sensor XML Sensor [xml]
[INFO] 1 source file to be analyzed
[INFO] 1/1 source file has been analyzed
[INFO] Sensor XML Sensor [xml] (done) | time=189ms
[INFO] Sensor JaCoCo XML Report Importer [jacoco]
[INFO] 'sonar.coverage.jacoco.xmlReportPaths' is not defined. Using default locations: target/site/jacoco/jacoco.xml,target/site/jacoco-it/jacoco.xml,build/reports/jacoco/test/jacocoTestReport.xml
[INFO] No report imported, no coverage information will be imported by JaCoCo XML Report Importer
[INFO] Sensor JaCoCo XML Report Importer [jacoco] (done) | time=4ms
[INFO] Sensor Java Config Sensor [iac]
[INFO] 0 source files to be analyzed
[INFO] 0/0 source files have been analyzed
[INFO] Sensor Java Config Sensor [iac] (done) | time=27ms
[INFO] Sensor IaC Docker Sensor [iac]
[INFO] 0 source files to be analyzed
[INFO] 0/0 source files have been analyzed
[INFO] Sensor IaC Docker Sensor [iac] (done) | time=126ms
[INFO] Sensor TextAndSecretsSensor [text]
[INFO] Available processors: 4
[INFO] Using 4 threads for analysis.
[INFO] Start fetching files for the text and secrets analysis
[INFO] Using Git CLI to retrieve untracked files
[WARNING] Retrieving only language associated files, make sure to run the analysis inside a git repository to make use of inclusions specified via "sonar.text.inclusions"
[INFO] Starting the text and secrets analysis
[INFO] 3 source files to be analyzed for the text and secrets analysis
[INFO] 3/3 source files have been analyzed for the text and secrets analysis
[INFO] Sensor TextAndSecretsSensor [text] (done) | time=1201ms
[INFO] ------------- Run sensors on project
[INFO] Sensor Zero Coverage Sensor
[INFO] Sensor Zero Coverage Sensor (done) | time=13ms
[INFO] Sensor Java CPD Block Indexer
[INFO] Sensor Java CPD Block Indexer (done) | time=18ms
[INFO] ------------- Gather SCA dependencies on project
[INFO] Dependency analysis skipped
[INFO] SCM Publisher No SCM system was detected. You can use the 'sonar.scm.provider' property to explicitly specify it.
[INFO] CPD Executor 1 file had no CPD blocks
[INFO] CPD Executor Calculating CPD for 0 files
[INFO] CPD Executor CPD calculation finished (done) | time=0ms
[INFO] Analysis report generated in 205ms, dir size=243.4 kB
[INFO] Analysis report compressed in 158ms, zip size=30.0 kB
[INFO] Analysis report uploaded in 42ms
[INFO] ANALYSIS SUCCESSFUL, you can find the results at: http://localhost:9000/dashboard?id=validadorapp
[INFO] Note that you will be able to access the updated dashboard once the server has processed the submitted analysis report
[INFO] More about the report processing at http://localhost:9000/api/ce/task?id=621bc7d2-668c-4b12-8903-8f87b69b7335
[INFO] Analysis total time: 7.842 s
[INFO] ------------------------------------------------------------------------
[INFO] BUILD SUCCESS
[INFO] ------------------------------------------------------------------------
[INFO] Total time:  14.396 s
[INFO] Finished at: 2025-06-16T13:45:27-04:00
[INFO] ------------------------------------------------------------------------
